2018-03-09 17:12:20.267 [main] INFO  com.ec.customer.CustomerApplication:	Starting CustomerApplication on winall-PC with PID 4812 (D:\MY\customer\target\classes started by winall in D:\MY\customer)
2018-03-09 17:12:20.269 [main] INFO  com.ec.customer.CustomerApplication:	No active profile set, falling back to default profiles: default
2018-03-09 17:12:21.971 [main] INFO  com.ec.common.service.QueueService:	Initializing ExecutorService:orders-queue
2018-03-09 17:12:21.971 [main] INFO  com.ec.common.service.QueueService:	Initializing Thread:orders-queue-1,Priority:10
2018-03-09 17:12:22.405 [main] INFO  com.ec.common.service.QueueService:	Initializing ExecutorService:vistors-queue
2018-03-09 17:12:22.405 [main] INFO  com.ec.common.service.QueueService:	Initializing Thread:vistors-queue-1,Priority:10
2018-03-09 17:12:22.907 [main] INFO  com.ec.customer.CustomerApplication:	Started CustomerApplication in 2.889 seconds (JVM running for 3.34)
2018-03-09 17:12:29.633 [http-nio-8888-exec-1] ERROR o.a.c.c.C.[.[localhost].[/].[dispatcherServlet]:	Servlet.service() for servlet [dispatcherServlet] in context with path [] threw exception [Request processing failed; nested exception is java.lang.NullPointerException] with root cause
java.lang.NullPointerException: null
	at com.ec.customer.controller.VisitorController.addRequestBody(VisitorController.java:60)
	at sun.reflect.NativeMethodAccessorImpl.invoke0(Native Method)
	at sun.reflect.NativeMethodAccessorImpl.invoke(NativeMethodAccessorImpl.java:62)
	at sun.reflect.DelegatingMethodAccessorImpl.invoke(DelegatingMethodAccessorImpl.java:43)
	at java.lang.reflect.Method.invoke(Method.java:498)
	at org.springframework.web.method.support.InvocableHandlerMethod.doInvoke(InvocableHandlerMethod.java:205)
	at org.springframework.web.method.support.InvocableHandlerMethod.invokeForRequest(InvocableHandlerMethod.java:133)
	at org.springframework.web.servlet.mvc.method.annotation.ServletInvocableHandlerMethod.invokeAndHandle(ServletInvocableHandlerMethod.java:97)
	at org.springframework.web.servlet.mvc.method.annotation.RequestMappingHandlerAdapter.invokeHandlerMethod(RequestMappingHandlerAdapter.java:827)
	at org.springframework.web.servlet.mvc.method.annotation.RequestMappingHandlerAdapter.handleInternal(RequestMappingHandlerAdapter.java:738)
	at org.springframework.web.servlet.mvc.method.AbstractHandlerMethodAdapter.handle(AbstractHandlerMethodAdapter.java:85)
	at org.springframework.web.servlet.DispatcherServlet.doDispatch(DispatcherServlet.java:967)
	at org.springframework.web.servlet.DispatcherServlet.doService(DispatcherServlet.java:901)
	at org.springframework.web.servlet.FrameworkServlet.processRequest(FrameworkServlet.java:970)
	at org.springframework.web.servlet.FrameworkServlet.doPost(FrameworkServlet.java:872)
	at javax.servlet.http.HttpServlet.service(HttpServlet.java:661)
	at org.springframework.web.servlet.FrameworkServlet.service(FrameworkServlet.java:846)
	at javax.servlet.http.HttpServlet.service(HttpServlet.java:742)
	at org.apache.catalina.core.ApplicationFilterChain.internalDoFilter(ApplicationFilterChain.java:231)
	at org.apache.catalina.core.ApplicationFilterChain.doFilter(ApplicationFilterChain.java:166)
	at org.apache.tomcat.websocket.server.WsFilter.doFilter(WsFilter.java:52)
	at org.apache.catalina.core.ApplicationFilterChain.internalDoFilter(ApplicationFilterChain.java:193)
	at org.apache.catalina.core.ApplicationFilterChain.doFilter(ApplicationFilterChain.java:166)
	at org.springframework.web.filter.CharacterEncodingFilter.doFilterInternal(CharacterEncodingFilter.java:197)
	at org.springframework.web.filter.OncePerRequestFilter.doFilter(OncePerRequestFilter.java:107)
	at org.apache.catalina.core.ApplicationFilterChain.internalDoFilter(ApplicationFilterChain.java:193)
	at org.apache.catalina.core.ApplicationFilterChain.doFilter(ApplicationFilterChain.java:166)
	at org.apache.catalina.core.StandardWrapperValve.invoke(StandardWrapperValve.java:199)
	at org.apache.catalina.core.StandardContextValve.invoke(StandardContextValve.java:96)
	at org.apache.catalina.authenticator.AuthenticatorBase.invoke(AuthenticatorBase.java:478)
	at org.apache.catalina.core.StandardHostValve.invoke(StandardHostValve.java:140)
	at org.apache.catalina.valves.ErrorReportValve.invoke(ErrorReportValve.java:81)
	at org.apache.catalina.core.StandardEngineValve.invoke(StandardEngineValve.java:87)
	at org.apache.catalina.connector.CoyoteAdapter.service(CoyoteAdapter.java:342)
	at org.apache.coyote.http11.Http11Processor.service(Http11Processor.java:803)
	at org.apache.coyote.AbstractProcessorLight.process(AbstractProcessorLight.java:66)
	at org.apache.coyote.AbstractProtocol$ConnectionHandler.process(AbstractProtocol.java:868)
	at org.apache.tomcat.util.net.NioEndpoint$SocketProcessor.doRun(NioEndpoint.java:1459)
	at org.apache.tomcat.util.net.SocketProcessorBase.run(SocketProcessorBase.java:49)
	at java.util.concurrent.ThreadPoolExecutor.runWorker(ThreadPoolExecutor.java:1142)
	at java.util.concurrent.ThreadPoolExecutor$Worker.run(ThreadPoolExecutor.java:617)
	at org.apache.tomcat.util.threads.TaskThread$WrappingRunnable.run(TaskThread.java:61)
	at java.lang.Thread.run(Thread.java:745)
2018-03-09 17:13:37.488 [main] INFO  com.ec.customer.CustomerApplication:	Starting CustomerApplication on winall-PC with PID 9644 (D:\MY\customer\target\classes started by winall in D:\MY\customer)
2018-03-09 17:13:37.490 [main] INFO  com.ec.customer.CustomerApplication:	No active profile set, falling back to default profiles: default
2018-03-09 17:13:39.175 [main] INFO  com.ec.common.service.QueueService:	Initializing ExecutorService:orders-queue
2018-03-09 17:13:39.176 [main] INFO  com.ec.common.service.QueueService:	Initializing Thread:orders-queue-1,Priority:10
2018-03-09 17:13:39.562 [main] INFO  com.ec.common.service.QueueService:	Initializing ExecutorService:vistors-queue
2018-03-09 17:13:39.563 [main] INFO  com.ec.common.service.QueueService:	Initializing Thread:vistors-queue-1,Priority:10
2018-03-09 17:13:40.085 [main] INFO  com.ec.customer.CustomerApplication:	Started CustomerApplication in 2.809 seconds (JVM running for 3.253)
2018-03-09 17:13:45.585 [http-nio-8888-exec-1] ERROR o.a.c.c.C.[.[localhost].[/].[dispatcherServlet]:	Servlet.service() for servlet [dispatcherServlet] in context with path [] threw exception [Request processing failed; nested exception is java.lang.NullPointerException] with root cause
java.lang.NullPointerException: null
	at com.ec.customer.controller.VisitorController.addRequestBody(VisitorController.java:60)
	at sun.reflect.NativeMethodAccessorImpl.invoke0(Native Method)
	at sun.reflect.NativeMethodAccessorImpl.invoke(NativeMethodAccessorImpl.java:62)
	at sun.reflect.DelegatingMethodAccessorImpl.invoke(DelegatingMethodAccessorImpl.java:43)
	at java.lang.reflect.Method.invoke(Method.java:498)
	at org.springframework.web.method.support.InvocableHandlerMethod.doInvoke(InvocableHandlerMethod.java:205)
	at org.springframework.web.method.support.InvocableHandlerMethod.invokeForRequest(InvocableHandlerMethod.java:133)
	at org.springframework.web.servlet.mvc.method.annotation.ServletInvocableHandlerMethod.invokeAndHandle(ServletInvocableHandlerMethod.java:97)
	at org.springframework.web.servlet.mvc.method.annotation.RequestMappingHandlerAdapter.invokeHandlerMethod(RequestMappingHandlerAdapter.java:827)
	at org.springframework.web.servlet.mvc.method.annotation.RequestMappingHandlerAdapter.handleInternal(RequestMappingHandlerAdapter.java:738)
	at org.springframework.web.servlet.mvc.method.AbstractHandlerMethodAdapter.handle(AbstractHandlerMethodAdapter.java:85)
	at org.springframework.web.servlet.DispatcherServlet.doDispatch(DispatcherServlet.java:967)
	at org.springframework.web.servlet.DispatcherServlet.doService(DispatcherServlet.java:901)
	at org.springframework.web.servlet.FrameworkServlet.processRequest(FrameworkServlet.java:970)
	at org.springframework.web.servlet.FrameworkServlet.doPost(FrameworkServlet.java:872)
	at javax.servlet.http.HttpServlet.service(HttpServlet.java:661)
	at org.springframework.web.servlet.FrameworkServlet.service(FrameworkServlet.java:846)
	at javax.servlet.http.HttpServlet.service(HttpServlet.java:742)
	at org.apache.catalina.core.ApplicationFilterChain.internalDoFilter(ApplicationFilterChain.java:231)
	at org.apache.catalina.core.ApplicationFilterChain.doFilter(ApplicationFilterChain.java:166)
	at org.apache.tomcat.websocket.server.WsFilter.doFilter(WsFilter.java:52)
	at org.apache.catalina.core.ApplicationFilterChain.internalDoFilter(ApplicationFilterChain.java:193)
	at org.apache.catalina.core.ApplicationFilterChain.doFilter(ApplicationFilterChain.java:166)
	at org.springframework.web.filter.CharacterEncodingFilter.doFilterInternal(CharacterEncodingFilter.java:197)
	at org.springframework.web.filter.OncePerRequestFilter.doFilter(OncePerRequestFilter.java:107)
	at org.apache.catalina.core.ApplicationFilterChain.internalDoFilter(ApplicationFilterChain.java:193)
	at org.apache.catalina.core.ApplicationFilterChain.doFilter(ApplicationFilterChain.java:166)
	at org.apache.catalina.core.StandardWrapperValve.invoke(StandardWrapperValve.java:199)
	at org.apache.catalina.core.StandardContextValve.invoke(StandardContextValve.java:96)
	at org.apache.catalina.authenticator.AuthenticatorBase.invoke(AuthenticatorBase.java:478)
	at org.apache.catalina.core.StandardHostValve.invoke(StandardHostValve.java:140)
	at org.apache.catalina.valves.ErrorReportValve.invoke(ErrorReportValve.java:81)
	at org.apache.catalina.core.StandardEngineValve.invoke(StandardEngineValve.java:87)
	at org.apache.catalina.connector.CoyoteAdapter.service(CoyoteAdapter.java:342)
	at org.apache.coyote.http11.Http11Processor.service(Http11Processor.java:803)
	at org.apache.coyote.AbstractProcessorLight.process(AbstractProcessorLight.java:66)
	at org.apache.coyote.AbstractProtocol$ConnectionHandler.process(AbstractProtocol.java:868)
	at org.apache.tomcat.util.net.NioEndpoint$SocketProcessor.doRun(NioEndpoint.java:1459)
	at org.apache.tomcat.util.net.SocketProcessorBase.run(SocketProcessorBase.java:49)
	at java.util.concurrent.ThreadPoolExecutor.runWorker(ThreadPoolExecutor.java:1142)
	at java.util.concurrent.ThreadPoolExecutor$Worker.run(ThreadPoolExecutor.java:617)
	at org.apache.tomcat.util.threads.TaskThread$WrappingRunnable.run(TaskThread.java:61)
	at java.lang.Thread.run(Thread.java:745)
2018-03-09 17:30:38.333 [main] INFO  com.ec.customer.CustomerApplication:	Starting CustomerApplication on winall-PC with PID 8696 (D:\MY\customer\target\classes started by winall in D:\MY\customer)
2018-03-09 17:30:38.337 [main] INFO  com.ec.customer.CustomerApplication:	No active profile set, falling back to default profiles: default
2018-03-09 17:30:39.999 [main] INFO  com.ec.common.service.QueueService:	Initializing ExecutorService:orders-queue
2018-03-09 17:30:40.000 [main] INFO  com.ec.common.service.QueueService:	Initializing Thread:orders-queue-1,Priority:10
2018-03-09 17:30:40.404 [main] INFO  com.ec.common.service.QueueService:	Initializing ExecutorService:vistors-queue
2018-03-09 17:30:40.404 [main] INFO  com.ec.common.service.QueueService:	Initializing Thread:vistors-queue-1,Priority:10
2018-03-09 17:30:40.985 [main] INFO  com.ec.customer.CustomerApplication:	Started CustomerApplication in 2.861 seconds (JVM running for 3.272)
2018-03-09 17:57:29.453 [main] ERROR org.springframework.boot.SpringApplication:	Application startup failed
java.lang.IllegalStateException: Logback configuration error detected: 
ERROR in ch.qos.logback.core.joran.spi.Interpreter@156:11 - no applicable action for [ssl], current ElementPath  is [[configuration][appender][ssl]]
ERROR in ch.qos.logback.core.joran.spi.Interpreter@156:11 - no applicable action for [ssl], current ElementPath  is [[configuration][appender][ssl]]
	at org.springframework.boot.logging.logback.LogbackLoggingSystem.loadConfiguration(LogbackLoggingSystem.java:162)
	at org.springframework.boot.logging.AbstractLoggingSystem.initializeWithConventions(AbstractLoggingSystem.java:81)
	at org.springframework.boot.logging.AbstractLoggingSystem.initialize(AbstractLoggingSystem.java:59)
	at org.springframework.boot.logging.logback.LogbackLoggingSystem.initialize(LogbackLoggingSystem.java:115)
	at org.springframework.boot.logging.LoggingApplicationListener.initializeSystem(LoggingApplicationListener.java:303)
	at org.springframework.boot.logging.LoggingApplicationListener.initialize(LoggingApplicationListener.java:276)
	at org.springframework.boot.logging.LoggingApplicationListener.onApplicationEnvironmentPreparedEvent(LoggingApplicationListener.java:239)
	at org.springframework.boot.logging.LoggingApplicationListener.onApplicationEvent(LoggingApplicationListener.java:212)
	at org.springframework.context.event.SimpleApplicationEventMulticaster.doInvokeListener(SimpleApplicationEventMulticaster.java:172)
	at org.springframework.context.event.SimpleApplicationEventMulticaster.invokeListener(SimpleApplicationEventMulticaster.java:165)
	at org.springframework.context.event.SimpleApplicationEventMulticaster.multicastEvent(SimpleApplicationEventMulticaster.java:139)
	at org.springframework.context.event.SimpleApplicationEventMulticaster.multicastEvent(SimpleApplicationEventMulticaster.java:122)
	at org.springframework.boot.context.event.EventPublishingRunListener.environmentPrepared(EventPublishingRunListener.java:74)
	at org.springframework.boot.SpringApplicationRunListeners.environmentPrepared(SpringApplicationRunListeners.java:54)
	at org.springframework.boot.SpringApplication.prepareEnvironment(SpringApplication.java:325)
	at org.springframework.boot.SpringApplication.run(SpringApplication.java:296)
	at org.springframework.boot.SpringApplication.run(SpringApplication.java:1118)
	at org.springframework.boot.SpringApplication.run(SpringApplication.java:1107)
	at com.ec.customer.CustomerApplication.main(CustomerApplication.java:23)
2018-03-09 17:59:58.535 [main] INFO  com.ec.customer.CustomerApplication:	Starting CustomerApplication on winall-PC with PID 7916 (D:\MY\customer\target\classes started by winall in D:\MY\customer)
2018-03-09 17:59:58.537 [main] INFO  com.ec.customer.CustomerApplication:	No active profile set, falling back to default profiles: default
2018-03-09 18:00:00.172 [main] INFO  com.ec.common.service.QueueService:	Initializing ExecutorService:orders-queue
2018-03-09 18:00:00.176 [main] INFO  com.ec.common.service.QueueService:	Initializing Thread:orders-queue-1,Priority:10
2018-03-09 18:00:00.817 [main] INFO  com.ec.common.service.QueueService:	Initializing ExecutorService:vistors-queue
2018-03-09 18:00:00.818 [main] INFO  com.ec.common.service.QueueService:	Initializing Thread:vistors-queue-1,Priority:10
2018-03-09 18:00:01.429 [main] INFO  com.ec.customer.CustomerApplication:	Started CustomerApplication in 3.101 seconds (JVM running for 3.549)
2018-03-09 18:02:26.558 [main] INFO  com.ec.customer.CustomerApplication:	Starting CustomerApplication on winall-PC with PID 4644 (D:\MY\customer\target\classes started by winall in D:\MY\customer)
2018-03-09 18:02:26.560 [main] INFO  com.ec.customer.CustomerApplication:	No active profile set, falling back to default profiles: default
2018-03-09 18:02:28.394 [main] INFO  com.ec.common.service.QueueService:	Initializing ExecutorService:orders-queue
2018-03-09 18:02:28.395 [main] INFO  com.ec.common.service.QueueService:	Initializing Thread:orders-queue-1,Priority:10
2018-03-09 18:02:28.933 [main] INFO  com.ec.common.service.QueueService:	Initializing ExecutorService:vistors-queue
2018-03-09 18:02:28.933 [main] INFO  com.ec.common.service.QueueService:	Initializing Thread:vistors-queue-1,Priority:10
2018-03-09 18:02:29.557 [main] INFO  com.ec.customer.CustomerApplication:	Started CustomerApplication in 3.209 seconds (JVM running for 3.616)
