2018-03-15 09:06:45.511 [main] INFO  com.ec.customer.CustomerApplication:	Starting CustomerApplication on winall-PC with PID 12496 (D:\MY\customer\target\classes started by winall in D:\MY\customer)
2018-03-15 09:06:45.515 [main] INFO  com.ec.customer.CustomerApplication:	No active profile set, falling back to default profiles: default
2018-03-15 09:06:47.185 [main] INFO  com.ec.common.service.QueueService:	Initializing ExecutorService:orders-queue
2018-03-15 09:06:47.186 [main] INFO  com.ec.common.service.QueueService:	Initializing Thread:orders-queue-1,Priority:10
2018-03-15 09:06:47.613 [main] INFO  com.ec.common.service.QueueService:	Initializing ExecutorService:vistors-queue
2018-03-15 09:06:47.613 [main] INFO  com.ec.common.service.QueueService:	Initializing Thread:vistors-queue-1,Priority:10
2018-03-15 09:06:48.332 [main] INFO  com.ec.customer.CustomerApplication:	Started CustomerApplication in 3.045 seconds (JVM running for 3.5)
2018-03-15 09:07:41.188 [main] INFO  o.s.b.t.context.SpringBootTestContextBootstrapper:	Neither @ContextConfiguration nor @ContextHierarchy found for test class [com.ec.customer.CustomerApplicationTests], using SpringBootContextLoader
2018-03-15 09:07:41.193 [main] INFO  o.s.test.context.support.AbstractContextLoader:	Could not detect default resource locations for test class [com.ec.customer.CustomerApplicationTests]: no resource found for suffixes {-context.xml, Context.groovy}.
2018-03-15 09:07:41.194 [main] INFO  o.s.t.c.support.AnnotationConfigContextLoaderUtils:	Could not detect default configuration classes for test class [com.ec.customer.CustomerApplicationTests]: CustomerApplicationTests does not declare any static, non-private, non-final, nested classes annotated with @Configuration.
2018-03-15 09:07:41.277 [main] INFO  o.s.b.t.context.SpringBootTestContextBootstrapper:	Found @SpringBootConfiguration com.ec.customer.CustomerApplication for test class com.ec.customer.CustomerApplicationTests
2018-03-15 09:07:41.282 [main] INFO  o.s.b.t.context.SpringBootTestContextBootstrapper:	Loaded default TestExecutionListener class names from location [META-INF/spring.factories]: [org.springframework.boot.test.mock.mockito.MockitoTestExecutionListener, org.springframework.boot.test.mock.mockito.ResetMocksTestExecutionListener, org.springframework.boot.test.autoconfigure.restdocs.RestDocsTestExecutionListener, org.springframework.boot.test.autoconfigure.web.client.MockRestServiceServerResetTestExecutionListener, org.springframework.boot.test.autoconfigure.web.servlet.MockMvcPrintOnlyOnFailureTestExecutionListener, org.springframework.boot.test.autoconfigure.web.servlet.WebDriverTestExecutionListener, org.springframework.test.context.web.ServletTestExecutionListener, org.springframework.test.context.support.DirtiesContextBeforeModesTestExecutionListener, org.springframework.test.context.support.DependencyInjectionTestExecutionListener, org.springframework.test.context.support.DirtiesContextTestExecutionListener, org.springframework.test.context.transaction.TransactionalTestExecutionListener, org.springframework.test.context.jdbc.SqlScriptsTestExecutionListener]
2018-03-15 09:07:41.294 [main] INFO  o.s.b.t.context.SpringBootTestContextBootstrapper:	Using TestExecutionListeners: [org.springframework.test.context.web.ServletTestExecutionListener@1ab3a8c8, org.springframework.test.context.support.DirtiesContextBeforeModesTestExecutionListener@43195e57, org.springframework.boot.test.autoconfigure.SpringBootDependencyInjectionTestExecutionListener@333291e3, org.springframework.test.context.support.DirtiesContextTestExecutionListener@479d31f3, org.springframework.test.context.transaction.TransactionalTestExecutionListener@40ef3420, org.springframework.test.context.jdbc.SqlScriptsTestExecutionListener@498d318c, org.springframework.boot.test.mock.mockito.ResetMocksTestExecutionListener@6e171cd7, org.springframework.boot.test.autoconfigure.web.client.MockRestServiceServerResetTestExecutionListener@402bba4f, org.springframework.boot.test.autoconfigure.restdocs.RestDocsTestExecutionListener@795cd85e, org.springframework.boot.test.autoconfigure.web.servlet.MockMvcPrintOnlyOnFailureTestExecutionListener@59fd97a8, org.springframework.boot.test.mock.mockito.MockitoTestExecutionListener@f5ac9e4, org.springframework.boot.test.autoconfigure.web.servlet.WebDriverTestExecutionListener@123ef382]
2018-03-15 09:07:41.298 [main] INFO  o.s.b.t.context.SpringBootTestContextBootstrapper:	Neither @ContextConfiguration nor @ContextHierarchy found for test class [com.ec.customer.CustomerApplicationTests], using SpringBootContextLoader
2018-03-15 09:07:41.299 [main] INFO  o.s.test.context.support.AbstractContextLoader:	Could not detect default resource locations for test class [com.ec.customer.CustomerApplicationTests]: no resource found for suffixes {-context.xml, Context.groovy}.
2018-03-15 09:07:41.299 [main] INFO  o.s.t.c.support.AnnotationConfigContextLoaderUtils:	Could not detect default configuration classes for test class [com.ec.customer.CustomerApplicationTests]: CustomerApplicationTests does not declare any static, non-private, non-final, nested classes annotated with @Configuration.
2018-03-15 09:07:41.302 [main] INFO  o.s.b.t.context.SpringBootTestContextBootstrapper:	Found @SpringBootConfiguration com.ec.customer.CustomerApplication for test class com.ec.customer.CustomerApplicationTests
2018-03-15 09:07:41.306 [main] INFO  o.s.b.t.context.SpringBootTestContextBootstrapper:	Loaded default TestExecutionListener class names from location [META-INF/spring.factories]: [org.springframework.boot.test.mock.mockito.MockitoTestExecutionListener, org.springframework.boot.test.mock.mockito.ResetMocksTestExecutionListener, org.springframework.boot.test.autoconfigure.restdocs.RestDocsTestExecutionListener, org.springframework.boot.test.autoconfigure.web.client.MockRestServiceServerResetTestExecutionListener, org.springframework.boot.test.autoconfigure.web.servlet.MockMvcPrintOnlyOnFailureTestExecutionListener, org.springframework.boot.test.autoconfigure.web.servlet.WebDriverTestExecutionListener, org.springframework.test.context.web.ServletTestExecutionListener, org.springframework.test.context.support.DirtiesContextBeforeModesTestExecutionListener, org.springframework.test.context.support.DependencyInjectionTestExecutionListener, org.springframework.test.context.support.DirtiesContextTestExecutionListener, org.springframework.test.context.transaction.TransactionalTestExecutionListener, org.springframework.test.context.jdbc.SqlScriptsTestExecutionListener]
2018-03-15 09:07:41.308 [main] INFO  o.s.b.t.context.SpringBootTestContextBootstrapper:	Using TestExecutionListeners: [org.springframework.test.context.web.ServletTestExecutionListener@16d04d3d, org.springframework.test.context.support.DirtiesContextBeforeModesTestExecutionListener@49ec71f8, org.springframework.boot.test.autoconfigure.SpringBootDependencyInjectionTestExecutionListener@1d2adfbe, org.springframework.test.context.support.DirtiesContextTestExecutionListener@36902638, org.springframework.test.context.transaction.TransactionalTestExecutionListener@223d2c72, org.springframework.test.context.jdbc.SqlScriptsTestExecutionListener@8f4ea7c, org.springframework.boot.test.mock.mockito.ResetMocksTestExecutionListener@436813f3, org.springframework.boot.test.autoconfigure.web.client.MockRestServiceServerResetTestExecutionListener@74fe5c40, org.springframework.boot.test.autoconfigure.restdocs.RestDocsTestExecutionListener@3febb011, org.springframework.boot.test.autoconfigure.web.servlet.MockMvcPrintOnlyOnFailureTestExecutionListener@10e31a9a, org.springframework.boot.test.mock.mockito.MockitoTestExecutionListener@131774fe, org.springframework.boot.test.autoconfigure.web.servlet.WebDriverTestExecutionListener@158d2680]
2018-03-15 09:07:41.549 [main] INFO  com.ec.customer.CustomerApplicationTests:	Starting CustomerApplicationTests on winall-PC with PID 11768 (started by winall in D:\MY\customer)
2018-03-15 09:07:41.549 [main] INFO  com.ec.customer.CustomerApplicationTests:	No active profile set, falling back to default profiles: default
2018-03-15 09:07:42.663 [main] INFO  com.ec.common.service.QueueService:	Initializing ExecutorService:orders-queue
2018-03-15 09:07:42.664 [main] INFO  com.ec.common.service.QueueService:	Initializing Thread:orders-queue-1,Priority:10
2018-03-15 09:07:43.111 [main] INFO  com.ec.common.service.QueueService:	Initializing ExecutorService:vistors-queue
2018-03-15 09:07:43.111 [main] INFO  com.ec.common.service.QueueService:	Initializing Thread:vistors-queue-1,Priority:10
2018-03-15 09:07:43.692 [main] INFO  com.ec.customer.CustomerApplicationTests:	Started CustomerApplicationTests in 2.33 seconds (JVM running for 2.916)
2018-03-15 09:42:36.450 [main] INFO  com.ec.customer.CustomerApplication:	Starting CustomerApplication on winall-PC with PID 4548 (D:\MY\customer\target\classes started by winall in D:\MY\customer)
2018-03-15 09:42:36.452 [main] INFO  com.ec.customer.CustomerApplication:	No active profile set, falling back to default profiles: default
2018-03-15 09:42:38.032 [main] INFO  com.ec.common.service.QueueService:	Initializing ExecutorService:orders-queue
2018-03-15 09:42:38.033 [main] INFO  com.ec.common.service.QueueService:	Initializing Thread:orders-queue-1,Priority:10
2018-03-15 09:42:38.433 [main] INFO  com.ec.common.service.QueueService:	Initializing ExecutorService:vistors-queue
2018-03-15 09:42:38.433 [main] INFO  com.ec.common.service.QueueService:	Initializing Thread:vistors-queue-1,Priority:10
2018-03-15 09:42:38.958 [main] INFO  com.ec.customer.CustomerApplication:	Started CustomerApplication in 2.713 seconds (JVM running for 3.132)
2018-03-15 09:46:02.009 [main] INFO  com.ec.customer.CustomerApplication:	Starting CustomerApplication on winall-PC with PID 13280 (D:\MY\customer\target\classes started by winall in D:\MY\customer)
2018-03-15 09:46:02.011 [main] INFO  com.ec.customer.CustomerApplication:	No active profile set, falling back to default profiles: default
2018-03-15 09:46:03.659 [main] INFO  com.ec.common.service.QueueService:	Initializing ExecutorService:orders-queue
2018-03-15 09:46:03.660 [main] INFO  com.ec.common.service.QueueService:	Initializing Thread:orders-queue-1,Priority:10
2018-03-15 09:46:04.056 [main] INFO  com.ec.common.service.QueueService:	Initializing ExecutorService:vistors-queue
2018-03-15 09:46:04.056 [main] INFO  com.ec.common.service.QueueService:	Initializing Thread:vistors-queue-1,Priority:10
2018-03-15 09:46:04.655 [main] INFO  com.ec.customer.CustomerApplication:	Started CustomerApplication in 2.853 seconds (JVM running for 3.262)
2018-03-15 09:47:09.147 [pool-1-thread-1] ERROR o.s.s.support.TaskUtils$LoggingErrorHandler:	Unexpected error occurred in scheduled task.
org.springframework.dao.CannotAcquireLockException: 
### Error updating database.  Cause: com.mysql.jdbc.exceptions.jdbc4.MySQLTransactionRollbackException: Lock wait timeout exceeded; try restarting transaction
### The error may involve com.ec.customer.dao.OrdersMapper.insertByList-Inline
### The error occurred while setting parameters
### SQL: insert into orders (            id, type, custom_name, custom_mobile, custom_email, custom_wechat, custom_qq, custom_content,      custom_type, custom_from, custom_visit_url, product_id, product_type, product_branch,      product_material, product_prices, deliver_province, deliver_city, deliver_county,      deliver_adderss, deliver_time, deliver_status, deliver_express, deliver_express_id,      createby, createtime, createdate, createip, updateby, updatetime, updateip, status,      browser_type, browser_name, browser_os, rate_unit, rate_val    )     values                       (?, ?, ?,        ?, ?, ?,        ?, ?, ?,        ?, ?, ?,        ?, ?, ?,        ?, ?, ?,        ?, ?, ?,        ?, ?, ?,        ?, ?, ?,        ?, ?, ?,        ?, ?, ?,        ?, ?, ?,        ?)
### Cause: com.mysql.jdbc.exceptions.jdbc4.MySQLTransactionRollbackException: Lock wait timeout exceeded; try restarting transaction
; SQL []; Lock wait timeout exceeded; try restarting transaction; nested exception is com.mysql.jdbc.exceptions.jdbc4.MySQLTransactionRollbackException: Lock wait timeout exceeded; try restarting transaction
	at org.springframework.jdbc.support.SQLErrorCodeSQLExceptionTranslator.doTranslate(SQLErrorCodeSQLExceptionTranslator.java:259)
	at org.springframework.jdbc.support.AbstractFallbackSQLExceptionTranslator.translate(AbstractFallbackSQLExceptionTranslator.java:73)
	at org.mybatis.spring.MyBatisExceptionTranslator.translateExceptionIfPossible(MyBatisExceptionTranslator.java:73)
	at org.mybatis.spring.SqlSessionTemplate$SqlSessionInterceptor.invoke(SqlSessionTemplate.java:446)
	at com.sun.proxy.$Proxy64.insert(Unknown Source)
	at org.mybatis.spring.SqlSessionTemplate.insert(SqlSessionTemplate.java:278)
	at org.apache.ibatis.binding.MapperMethod.execute(MapperMethod.java:57)
	at org.apache.ibatis.binding.MapperProxy.invoke(MapperProxy.java:59)
	at com.sun.proxy.$Proxy65.insertByList(Unknown Source)
	at com.ec.customer.service.impl.OrdersServiceImpl.insert(OrdersServiceImpl.java:94)
	at com.ec.customer.controller.OrderController.scheduler(OrderController.java:120)
	at sun.reflect.NativeMethodAccessorImpl.invoke0(Native Method)
	at sun.reflect.NativeMethodAccessorImpl.invoke(NativeMethodAccessorImpl.java:62)
	at sun.reflect.DelegatingMethodAccessorImpl.invoke(DelegatingMethodAccessorImpl.java:43)
	at java.lang.reflect.Method.invoke(Method.java:498)
	at org.springframework.scheduling.support.ScheduledMethodRunnable.run(ScheduledMethodRunnable.java:65)
	at org.springframework.scheduling.support.DelegatingErrorHandlingRunnable.run(DelegatingErrorHandlingRunnable.java:54)
	at org.springframework.scheduling.concurrent.ReschedulingRunnable.run(ReschedulingRunnable.java:81)
	at java.util.concurrent.Executors$RunnableAdapter.call(Executors.java:511)
	at java.util.concurrent.FutureTask.run(FutureTask.java:266)
	at java.util.concurrent.ScheduledThreadPoolExecutor$ScheduledFutureTask.access$201(ScheduledThreadPoolExecutor.java:180)
	at java.util.concurrent.ScheduledThreadPoolExecutor$ScheduledFutureTask.run(ScheduledThreadPoolExecutor.java:293)
	at java.util.concurrent.ThreadPoolExecutor.runWorker(ThreadPoolExecutor.java:1142)
	at java.util.concurrent.ThreadPoolExecutor$Worker.run(ThreadPoolExecutor.java:617)
	at java.lang.Thread.run(Thread.java:745)
Caused by: com.mysql.jdbc.exceptions.jdbc4.MySQLTransactionRollbackException: Lock wait timeout exceeded; try restarting transaction
	at sun.reflect.NativeConstructorAccessorImpl.newInstance0(Native Method)
	at sun.reflect.NativeConstructorAccessorImpl.newInstance(NativeConstructorAccessorImpl.java:62)
	at sun.reflect.DelegatingConstructorAccessorImpl.newInstance(DelegatingConstructorAccessorImpl.java:45)
	at java.lang.reflect.Constructor.newInstance(Constructor.java:423)
	at com.mysql.jdbc.Util.handleNewInstance(Util.java:425)
	at com.mysql.jdbc.Util.getInstance(Util.java:408)
	at com.mysql.jdbc.SQLError.createSQLException(SQLError.java:951)
	at com.mysql.jdbc.MysqlIO.checkErrorPacket(MysqlIO.java:3973)
	at com.mysql.jdbc.MysqlIO.checkErrorPacket(MysqlIO.java:3909)
	at com.mysql.jdbc.MysqlIO.sendCommand(MysqlIO.java:2527)
	at com.mysql.jdbc.MysqlIO.sqlQueryDirect(MysqlIO.java:2680)
	at com.mysql.jdbc.ConnectionImpl.execSQL(ConnectionImpl.java:2487)
	at com.mysql.jdbc.PreparedStatement.executeInternal(PreparedStatement.java:1858)
	at com.mysql.jdbc.PreparedStatement.execute(PreparedStatement.java:1197)
	at sun.reflect.NativeMethodAccessorImpl.invoke0(Native Method)
	at sun.reflect.NativeMethodAccessorImpl.invoke(NativeMethodAccessorImpl.java:62)
	at sun.reflect.DelegatingMethodAccessorImpl.invoke(DelegatingMethodAccessorImpl.java:43)
	at java.lang.reflect.Method.invoke(Method.java:498)
	at org.apache.tomcat.jdbc.pool.StatementFacade$StatementProxy.invoke(StatementFacade.java:114)
	at com.sun.proxy.$Proxy78.execute(Unknown Source)
	at org.apache.ibatis.executor.statement.PreparedStatementHandler.update(PreparedStatementHandler.java:46)
	at org.apache.ibatis.executor.statement.RoutingStatementHandler.update(RoutingStatementHandler.java:74)
	at org.apache.ibatis.executor.SimpleExecutor.doUpdate(SimpleExecutor.java:50)
	at org.apache.ibatis.executor.BaseExecutor.update(BaseExecutor.java:117)
	at org.apache.ibatis.executor.CachingExecutor.update(CachingExecutor.java:76)
	at org.apache.ibatis.session.defaults.DefaultSqlSession.update(DefaultSqlSession.java:198)
	at org.apache.ibatis.session.defaults.DefaultSqlSession.insert(DefaultSqlSession.java:185)
	at sun.reflect.NativeMethodAccessorImpl.invoke0(Native Method)
	at sun.reflect.NativeMethodAccessorImpl.invoke(NativeMethodAccessorImpl.java:62)
	at sun.reflect.DelegatingMethodAccessorImpl.invoke(DelegatingMethodAccessorImpl.java:43)
	at java.lang.reflect.Method.invoke(Method.java:498)
	at org.mybatis.spring.SqlSessionTemplate$SqlSessionInterceptor.invoke(SqlSessionTemplate.java:433)
	... 21 common frames omitted
2018-03-15 09:48:49.754 [main] INFO  o.s.b.t.context.SpringBootTestContextBootstrapper:	Neither @ContextConfiguration nor @ContextHierarchy found for test class [com.ec.customer.CustomerApplicationTests], using SpringBootContextLoader
2018-03-15 09:48:49.761 [main] INFO  o.s.test.context.support.AbstractContextLoader:	Could not detect default resource locations for test class [com.ec.customer.CustomerApplicationTests]: no resource found for suffixes {-context.xml, Context.groovy}.
2018-03-15 09:48:49.761 [main] INFO  o.s.t.c.support.AnnotationConfigContextLoaderUtils:	Could not detect default configuration classes for test class [com.ec.customer.CustomerApplicationTests]: CustomerApplicationTests does not declare any static, non-private, non-final, nested classes annotated with @Configuration.
2018-03-15 09:48:49.854 [main] INFO  o.s.b.t.context.SpringBootTestContextBootstrapper:	Found @SpringBootConfiguration com.ec.customer.CustomerApplication for test class com.ec.customer.CustomerApplicationTests
2018-03-15 09:48:49.863 [main] INFO  o.s.b.t.context.SpringBootTestContextBootstrapper:	Loaded default TestExecutionListener class names from location [META-INF/spring.factories]: [org.springframework.boot.test.mock.mockito.MockitoTestExecutionListener, org.springframework.boot.test.mock.mockito.ResetMocksTestExecutionListener, org.springframework.boot.test.autoconfigure.restdocs.RestDocsTestExecutionListener, org.springframework.boot.test.autoconfigure.web.client.MockRestServiceServerResetTestExecutionListener, org.springframework.boot.test.autoconfigure.web.servlet.MockMvcPrintOnlyOnFailureTestExecutionListener, org.springframework.boot.test.autoconfigure.web.servlet.WebDriverTestExecutionListener, org.springframework.test.context.web.ServletTestExecutionListener, org.springframework.test.context.support.DirtiesContextBeforeModesTestExecutionListener, org.springframework.test.context.support.DependencyInjectionTestExecutionListener, org.springframework.test.context.support.DirtiesContextTestExecutionListener, org.springframework.test.context.transaction.TransactionalTestExecutionListener, org.springframework.test.context.jdbc.SqlScriptsTestExecutionListener]
2018-03-15 09:48:49.876 [main] INFO  o.s.b.t.context.SpringBootTestContextBootstrapper:	Using TestExecutionListeners: [org.springframework.test.context.web.ServletTestExecutionListener@1ab3a8c8, org.springframework.test.context.support.DirtiesContextBeforeModesTestExecutionListener@43195e57, org.springframework.boot.test.autoconfigure.SpringBootDependencyInjectionTestExecutionListener@333291e3, org.springframework.test.context.support.DirtiesContextTestExecutionListener@479d31f3, org.springframework.test.context.transaction.TransactionalTestExecutionListener@40ef3420, org.springframework.test.context.jdbc.SqlScriptsTestExecutionListener@498d318c, org.springframework.boot.test.mock.mockito.ResetMocksTestExecutionListener@6e171cd7, org.springframework.boot.test.autoconfigure.web.client.MockRestServiceServerResetTestExecutionListener@402bba4f, org.springframework.boot.test.autoconfigure.restdocs.RestDocsTestExecutionListener@795cd85e, org.springframework.boot.test.autoconfigure.web.servlet.MockMvcPrintOnlyOnFailureTestExecutionListener@59fd97a8, org.springframework.boot.test.mock.mockito.MockitoTestExecutionListener@f5ac9e4, org.springframework.boot.test.autoconfigure.web.servlet.WebDriverTestExecutionListener@123ef382]
2018-03-15 09:48:49.880 [main] INFO  o.s.b.t.context.SpringBootTestContextBootstrapper:	Neither @ContextConfiguration nor @ContextHierarchy found for test class [com.ec.customer.CustomerApplicationTests], using SpringBootContextLoader
2018-03-15 09:48:49.881 [main] INFO  o.s.test.context.support.AbstractContextLoader:	Could not detect default resource locations for test class [com.ec.customer.CustomerApplicationTests]: no resource found for suffixes {-context.xml, Context.groovy}.
2018-03-15 09:48:49.881 [main] INFO  o.s.t.c.support.AnnotationConfigContextLoaderUtils:	Could not detect default configuration classes for test class [com.ec.customer.CustomerApplicationTests]: CustomerApplicationTests does not declare any static, non-private, non-final, nested classes annotated with @Configuration.
2018-03-15 09:48:49.885 [main] INFO  o.s.b.t.context.SpringBootTestContextBootstrapper:	Found @SpringBootConfiguration com.ec.customer.CustomerApplication for test class com.ec.customer.CustomerApplicationTests
2018-03-15 09:48:49.888 [main] INFO  o.s.b.t.context.SpringBootTestContextBootstrapper:	Loaded default TestExecutionListener class names from location [META-INF/spring.factories]: [org.springframework.boot.test.mock.mockito.MockitoTestExecutionListener, org.springframework.boot.test.mock.mockito.ResetMocksTestExecutionListener, org.springframework.boot.test.autoconfigure.restdocs.RestDocsTestExecutionListener, org.springframework.boot.test.autoconfigure.web.client.MockRestServiceServerResetTestExecutionListener, org.springframework.boot.test.autoconfigure.web.servlet.MockMvcPrintOnlyOnFailureTestExecutionListener, org.springframework.boot.test.autoconfigure.web.servlet.WebDriverTestExecutionListener, org.springframework.test.context.web.ServletTestExecutionListener, org.springframework.test.context.support.DirtiesContextBeforeModesTestExecutionListener, org.springframework.test.context.support.DependencyInjectionTestExecutionListener, org.springframework.test.context.support.DirtiesContextTestExecutionListener, org.springframework.test.context.transaction.TransactionalTestExecutionListener, org.springframework.test.context.jdbc.SqlScriptsTestExecutionListener]
2018-03-15 09:48:49.891 [main] INFO  o.s.b.t.context.SpringBootTestContextBootstrapper:	Using TestExecutionListeners: [org.springframework.test.context.web.ServletTestExecutionListener@16d04d3d, org.springframework.test.context.support.DirtiesContextBeforeModesTestExecutionListener@49ec71f8, org.springframework.boot.test.autoconfigure.SpringBootDependencyInjectionTestExecutionListener@1d2adfbe, org.springframework.test.context.support.DirtiesContextTestExecutionListener@36902638, org.springframework.test.context.transaction.TransactionalTestExecutionListener@223d2c72, org.springframework.test.context.jdbc.SqlScriptsTestExecutionListener@8f4ea7c, org.springframework.boot.test.mock.mockito.ResetMocksTestExecutionListener@436813f3, org.springframework.boot.test.autoconfigure.web.client.MockRestServiceServerResetTestExecutionListener@74fe5c40, org.springframework.boot.test.autoconfigure.restdocs.RestDocsTestExecutionListener@3febb011, org.springframework.boot.test.autoconfigure.web.servlet.MockMvcPrintOnlyOnFailureTestExecutionListener@10e31a9a, org.springframework.boot.test.mock.mockito.MockitoTestExecutionListener@131774fe, org.springframework.boot.test.autoconfigure.web.servlet.WebDriverTestExecutionListener@158d2680]
2018-03-15 09:48:50.132 [main] INFO  com.ec.customer.CustomerApplicationTests:	Starting CustomerApplicationTests on winall-PC with PID 13224 (started by winall in D:\MY\customer)
2018-03-15 09:48:50.133 [main] INFO  com.ec.customer.CustomerApplicationTests:	No active profile set, falling back to default profiles: default
2018-03-15 09:48:51.171 [main] INFO  com.ec.common.service.QueueService:	Initializing ExecutorService:orders-queue
2018-03-15 09:48:51.172 [main] INFO  com.ec.common.service.QueueService:	Initializing Thread:orders-queue-1,Priority:10
2018-03-15 09:48:51.613 [main] INFO  com.ec.common.service.QueueService:	Initializing ExecutorService:vistors-queue
2018-03-15 09:48:51.613 [main] INFO  com.ec.common.service.QueueService:	Initializing Thread:vistors-queue-1,Priority:10
2018-03-15 09:48:52.212 [main] INFO  com.ec.customer.CustomerApplicationTests:	Started CustomerApplicationTests in 2.267 seconds (JVM running for 2.885)
2018-03-15 09:48:52.275 [Thread-8] INFO  com.ec.common.service.QueueService:	Destroy ExecutorService:vistors-queue
2018-03-15 09:48:52.275 [Thread-8] INFO  com.ec.common.service.QueueService:	Destroy ExecutorService:orders-queue
2018-03-15 09:50:36.960 [main] INFO  com.ec.customer.CustomerApplication:	Starting CustomerApplication on winall-PC with PID 12008 (D:\MY\customer\target\classes started by winall in D:\MY\customer)
2018-03-15 09:50:36.962 [main] INFO  com.ec.customer.CustomerApplication:	No active profile set, falling back to default profiles: default
2018-03-15 09:50:38.626 [main] INFO  com.ec.common.service.QueueService:	Initializing ExecutorService:orders-queue
2018-03-15 09:50:38.627 [main] INFO  com.ec.common.service.QueueService:	Initializing Thread:orders-queue-1,Priority:10
2018-03-15 09:50:39.045 [main] INFO  com.ec.common.service.QueueService:	Initializing ExecutorService:vistors-queue
2018-03-15 09:50:39.045 [main] INFO  com.ec.common.service.QueueService:	Initializing Thread:vistors-queue-1,Priority:10
2018-03-15 09:50:39.642 [main] INFO  com.ec.customer.CustomerApplication:	Started CustomerApplication in 2.898 seconds (JVM running for 3.33)
2018-03-15 09:51:59.269 [pool-1-thread-1] ERROR o.s.s.support.TaskUtils$LoggingErrorHandler:	Unexpected error occurred in scheduled task.
org.springframework.dao.CannotAcquireLockException: 
### Error updating database.  Cause: com.mysql.jdbc.exceptions.jdbc4.MySQLTransactionRollbackException: Lock wait timeout exceeded; try restarting transaction
### The error may involve com.ec.customer.dao.OrdersMapper.insertByList-Inline
### The error occurred while setting parameters
### SQL: insert into orders (            id, type, custom_name, custom_mobile, custom_email, custom_wechat, custom_qq, custom_content,      custom_type, custom_from, custom_visit_url, product_id, product_type, product_branch,      product_material, product_prices, deliver_province, deliver_city, deliver_county,      deliver_adderss, deliver_time, deliver_status, deliver_express, deliver_express_id,      createby, createtime, createdate, createip, updateby, updatetime, updateip, status,      browser_type, browser_name, browser_os, rate_unit, rate_val    )     values                       (?, ?, ?,        ?, ?, ?,        ?, ?, ?,        ?, ?, ?,        ?, ?, ?,        ?, ?, ?,        ?, ?, ?,        ?, ?, ?,        ?, ?, ?,        ?, ?, ?,        ?, ?, ?,        ?, ?, ?,        ?)
### Cause: com.mysql.jdbc.exceptions.jdbc4.MySQLTransactionRollbackException: Lock wait timeout exceeded; try restarting transaction
; SQL []; Lock wait timeout exceeded; try restarting transaction; nested exception is com.mysql.jdbc.exceptions.jdbc4.MySQLTransactionRollbackException: Lock wait timeout exceeded; try restarting transaction
	at org.springframework.jdbc.support.SQLErrorCodeSQLExceptionTranslator.doTranslate(SQLErrorCodeSQLExceptionTranslator.java:259)
	at org.springframework.jdbc.support.AbstractFallbackSQLExceptionTranslator.translate(AbstractFallbackSQLExceptionTranslator.java:73)
	at org.mybatis.spring.MyBatisExceptionTranslator.translateExceptionIfPossible(MyBatisExceptionTranslator.java:73)
	at org.mybatis.spring.SqlSessionTemplate$SqlSessionInterceptor.invoke(SqlSessionTemplate.java:446)
	at com.sun.proxy.$Proxy64.insert(Unknown Source)
	at org.mybatis.spring.SqlSessionTemplate.insert(SqlSessionTemplate.java:278)
	at org.apache.ibatis.binding.MapperMethod.execute(MapperMethod.java:57)
	at org.apache.ibatis.binding.MapperProxy.invoke(MapperProxy.java:59)
	at com.sun.proxy.$Proxy65.insertByList(Unknown Source)
	at com.ec.customer.service.impl.OrdersServiceImpl.insert(OrdersServiceImpl.java:94)
	at com.ec.customer.controller.OrderController.scheduler(OrderController.java:120)
	at sun.reflect.GeneratedMethodAccessor30.invoke(Unknown Source)
	at sun.reflect.DelegatingMethodAccessorImpl.invoke(DelegatingMethodAccessorImpl.java:43)
	at java.lang.reflect.Method.invoke(Method.java:498)
	at org.springframework.scheduling.support.ScheduledMethodRunnable.run(ScheduledMethodRunnable.java:65)
	at org.springframework.scheduling.support.DelegatingErrorHandlingRunnable.run(DelegatingErrorHandlingRunnable.java:54)
	at org.springframework.scheduling.concurrent.ReschedulingRunnable.run(ReschedulingRunnable.java:81)
	at java.util.concurrent.Executors$RunnableAdapter.call(Executors.java:511)
	at java.util.concurrent.FutureTask.run(FutureTask.java:266)
	at java.util.concurrent.ScheduledThreadPoolExecutor$ScheduledFutureTask.access$201(ScheduledThreadPoolExecutor.java:180)
	at java.util.concurrent.ScheduledThreadPoolExecutor$ScheduledFutureTask.run(ScheduledThreadPoolExecutor.java:293)
	at java.util.concurrent.ThreadPoolExecutor.runWorker(ThreadPoolExecutor.java:1142)
	at java.util.concurrent.ThreadPoolExecutor$Worker.run(ThreadPoolExecutor.java:617)
	at java.lang.Thread.run(Thread.java:745)
Caused by: com.mysql.jdbc.exceptions.jdbc4.MySQLTransactionRollbackException: Lock wait timeout exceeded; try restarting transaction
	at sun.reflect.NativeConstructorAccessorImpl.newInstance0(Native Method)
	at sun.reflect.NativeConstructorAccessorImpl.newInstance(NativeConstructorAccessorImpl.java:62)
	at sun.reflect.DelegatingConstructorAccessorImpl.newInstance(DelegatingConstructorAccessorImpl.java:45)
	at java.lang.reflect.Constructor.newInstance(Constructor.java:423)
	at com.mysql.jdbc.Util.handleNewInstance(Util.java:425)
	at com.mysql.jdbc.Util.getInstance(Util.java:408)
	at com.mysql.jdbc.SQLError.createSQLException(SQLError.java:951)
	at com.mysql.jdbc.MysqlIO.checkErrorPacket(MysqlIO.java:3973)
	at com.mysql.jdbc.MysqlIO.checkErrorPacket(MysqlIO.java:3909)
	at com.mysql.jdbc.MysqlIO.sendCommand(MysqlIO.java:2527)
	at com.mysql.jdbc.MysqlIO.sqlQueryDirect(MysqlIO.java:2680)
	at com.mysql.jdbc.ConnectionImpl.execSQL(ConnectionImpl.java:2487)
	at com.mysql.jdbc.PreparedStatement.executeInternal(PreparedStatement.java:1858)
	at com.mysql.jdbc.PreparedStatement.execute(PreparedStatement.java:1197)
	at sun.reflect.NativeMethodAccessorImpl.invoke0(Native Method)
	at sun.reflect.NativeMethodAccessorImpl.invoke(NativeMethodAccessorImpl.java:62)
	at sun.reflect.DelegatingMethodAccessorImpl.invoke(DelegatingMethodAccessorImpl.java:43)
	at java.lang.reflect.Method.invoke(Method.java:498)
	at org.apache.tomcat.jdbc.pool.StatementFacade$StatementProxy.invoke(StatementFacade.java:114)
	at com.sun.proxy.$Proxy78.execute(Unknown Source)
	at org.apache.ibatis.executor.statement.PreparedStatementHandler.update(PreparedStatementHandler.java:46)
	at org.apache.ibatis.executor.statement.RoutingStatementHandler.update(RoutingStatementHandler.java:74)
	at org.apache.ibatis.executor.SimpleExecutor.doUpdate(SimpleExecutor.java:50)
	at org.apache.ibatis.executor.BaseExecutor.update(BaseExecutor.java:117)
	at org.apache.ibatis.executor.CachingExecutor.update(CachingExecutor.java:76)
	at org.apache.ibatis.session.defaults.DefaultSqlSession.update(DefaultSqlSession.java:198)
	at org.apache.ibatis.session.defaults.DefaultSqlSession.insert(DefaultSqlSession.java:185)
	at sun.reflect.NativeMethodAccessorImpl.invoke0(Native Method)
	at sun.reflect.NativeMethodAccessorImpl.invoke(NativeMethodAccessorImpl.java:62)
	at sun.reflect.DelegatingMethodAccessorImpl.invoke(DelegatingMethodAccessorImpl.java:43)
	at java.lang.reflect.Method.invoke(Method.java:498)
	at org.mybatis.spring.SqlSessionTemplate$SqlSessionInterceptor.invoke(SqlSessionTemplate.java:433)
	... 20 common frames omitted
2018-03-15 09:55:37.141 [main] INFO  o.s.b.t.context.SpringBootTestContextBootstrapper:	Neither @ContextConfiguration nor @ContextHierarchy found for test class [com.ec.customer.CustomerApplicationTests], using SpringBootContextLoader
2018-03-15 09:55:37.146 [main] INFO  o.s.test.context.support.AbstractContextLoader:	Could not detect default resource locations for test class [com.ec.customer.CustomerApplicationTests]: no resource found for suffixes {-context.xml, Context.groovy}.
2018-03-15 09:55:37.148 [main] INFO  o.s.t.c.support.AnnotationConfigContextLoaderUtils:	Could not detect default configuration classes for test class [com.ec.customer.CustomerApplicationTests]: CustomerApplicationTests does not declare any static, non-private, non-final, nested classes annotated with @Configuration.
2018-03-15 09:55:37.237 [main] INFO  o.s.b.t.context.SpringBootTestContextBootstrapper:	Found @SpringBootConfiguration com.ec.customer.CustomerApplication for test class com.ec.customer.CustomerApplicationTests
2018-03-15 09:55:37.244 [main] INFO  o.s.b.t.context.SpringBootTestContextBootstrapper:	Loaded default TestExecutionListener class names from location [META-INF/spring.factories]: [org.springframework.boot.test.mock.mockito.MockitoTestExecutionListener, org.springframework.boot.test.mock.mockito.ResetMocksTestExecutionListener, org.springframework.boot.test.autoconfigure.restdocs.RestDocsTestExecutionListener, org.springframework.boot.test.autoconfigure.web.client.MockRestServiceServerResetTestExecutionListener, org.springframework.boot.test.autoconfigure.web.servlet.MockMvcPrintOnlyOnFailureTestExecutionListener, org.springframework.boot.test.autoconfigure.web.servlet.WebDriverTestExecutionListener, org.springframework.test.context.web.ServletTestExecutionListener, org.springframework.test.context.support.DirtiesContextBeforeModesTestExecutionListener, org.springframework.test.context.support.DependencyInjectionTestExecutionListener, org.springframework.test.context.support.DirtiesContextTestExecutionListener, org.springframework.test.context.transaction.TransactionalTestExecutionListener, org.springframework.test.context.jdbc.SqlScriptsTestExecutionListener]
2018-03-15 09:55:37.256 [main] INFO  o.s.b.t.context.SpringBootTestContextBootstrapper:	Using TestExecutionListeners: [org.springframework.test.context.web.ServletTestExecutionListener@1afd44cb, org.springframework.test.context.support.DirtiesContextBeforeModesTestExecutionListener@6973b51b, org.springframework.boot.test.autoconfigure.SpringBootDependencyInjectionTestExecutionListener@1ab3a8c8, org.springframework.test.context.support.DirtiesContextTestExecutionListener@43195e57, org.springframework.test.context.transaction.TransactionalTestExecutionListener@333291e3, org.springframework.test.context.jdbc.SqlScriptsTestExecutionListener@479d31f3, org.springframework.boot.test.autoconfigure.web.client.MockRestServiceServerResetTestExecutionListener@40ef3420, org.springframework.boot.test.autoconfigure.web.servlet.MockMvcPrintOnlyOnFailureTestExecutionListener@498d318c, org.springframework.boot.test.autoconfigure.web.servlet.WebDriverTestExecutionListener@6e171cd7, org.springframework.boot.test.autoconfigure.restdocs.RestDocsTestExecutionListener@402bba4f, org.springframework.boot.test.mock.mockito.MockitoTestExecutionListener@795cd85e, org.springframework.boot.test.mock.mockito.ResetMocksTestExecutionListener@59fd97a8]
2018-03-15 09:55:37.260 [main] INFO  o.s.b.t.context.SpringBootTestContextBootstrapper:	Neither @ContextConfiguration nor @ContextHierarchy found for test class [com.ec.customer.CustomerApplicationTests], using SpringBootContextLoader
2018-03-15 09:55:37.260 [main] INFO  o.s.test.context.support.AbstractContextLoader:	Could not detect default resource locations for test class [com.ec.customer.CustomerApplicationTests]: no resource found for suffixes {-context.xml, Context.groovy}.
2018-03-15 09:55:37.261 [main] INFO  o.s.t.c.support.AnnotationConfigContextLoaderUtils:	Could not detect default configuration classes for test class [com.ec.customer.CustomerApplicationTests]: CustomerApplicationTests does not declare any static, non-private, non-final, nested classes annotated with @Configuration.
2018-03-15 09:55:37.264 [main] INFO  o.s.b.t.context.SpringBootTestContextBootstrapper:	Found @SpringBootConfiguration com.ec.customer.CustomerApplication for test class com.ec.customer.CustomerApplicationTests
2018-03-15 09:55:37.268 [main] INFO  o.s.b.t.context.SpringBootTestContextBootstrapper:	Loaded default TestExecutionListener class names from location [META-INF/spring.factories]: [org.springframework.boot.test.mock.mockito.MockitoTestExecutionListener, org.springframework.boot.test.mock.mockito.ResetMocksTestExecutionListener, org.springframework.boot.test.autoconfigure.restdocs.RestDocsTestExecutionListener, org.springframework.boot.test.autoconfigure.web.client.MockRestServiceServerResetTestExecutionListener, org.springframework.boot.test.autoconfigure.web.servlet.MockMvcPrintOnlyOnFailureTestExecutionListener, org.springframework.boot.test.autoconfigure.web.servlet.WebDriverTestExecutionListener, org.springframework.test.context.web.ServletTestExecutionListener, org.springframework.test.context.support.DirtiesContextBeforeModesTestExecutionListener, org.springframework.test.context.support.DependencyInjectionTestExecutionListener, org.springframework.test.context.support.DirtiesContextTestExecutionListener, org.springframework.test.context.transaction.TransactionalTestExecutionListener, org.springframework.test.context.jdbc.SqlScriptsTestExecutionListener]
2018-03-15 09:55:37.271 [main] INFO  o.s.b.t.context.SpringBootTestContextBootstrapper:	Using TestExecutionListeners: [org.springframework.test.context.web.ServletTestExecutionListener@36bc55de, org.springframework.test.context.support.DirtiesContextBeforeModesTestExecutionListener@564fabc8, org.springframework.boot.test.autoconfigure.SpringBootDependencyInjectionTestExecutionListener@16d04d3d, org.springframework.test.context.support.DirtiesContextTestExecutionListener@49ec71f8, org.springframework.test.context.transaction.TransactionalTestExecutionListener@1d2adfbe, org.springframework.test.context.jdbc.SqlScriptsTestExecutionListener@36902638, org.springframework.boot.test.autoconfigure.web.client.MockRestServiceServerResetTestExecutionListener@223d2c72, org.springframework.boot.test.autoconfigure.web.servlet.MockMvcPrintOnlyOnFailureTestExecutionListener@8f4ea7c, org.springframework.boot.test.autoconfigure.web.servlet.WebDriverTestExecutionListener@436813f3, org.springframework.boot.test.autoconfigure.restdocs.RestDocsTestExecutionListener@74fe5c40, org.springframework.boot.test.mock.mockito.MockitoTestExecutionListener@3febb011, org.springframework.boot.test.mock.mockito.ResetMocksTestExecutionListener@10e31a9a]
2018-03-15 09:55:37.538 [main] INFO  com.ec.customer.CustomerApplicationTests:	Starting CustomerApplicationTests on winall-PC with PID 6228 (started by winall in D:\MY\customer)
2018-03-15 09:55:37.539 [main] INFO  com.ec.customer.CustomerApplicationTests:	No active profile set, falling back to default profiles: default
2018-03-15 09:55:38.532 [main] INFO  com.ec.common.service.QueueService:	Initializing ExecutorService:orders-queue
2018-03-15 09:55:38.533 [main] INFO  com.ec.common.service.QueueService:	Initializing Thread:orders-queue-1,Priority:10
2018-03-15 09:55:39.007 [main] INFO  com.ec.common.service.QueueService:	Initializing ExecutorService:vistors-queue
2018-03-15 09:55:39.007 [main] INFO  com.ec.common.service.QueueService:	Initializing Thread:vistors-queue-1,Priority:10
2018-03-15 09:55:39.587 [main] INFO  com.ec.customer.CustomerApplicationTests:	Started CustomerApplicationTests in 2.26 seconds (JVM running for 2.877)
2018-03-15 09:55:39.630 [Thread-8] INFO  com.ec.common.service.QueueService:	Destroy ExecutorService:vistors-queue
2018-03-15 09:55:39.631 [Thread-8] INFO  com.ec.common.service.QueueService:	Destroy ExecutorService:orders-queue
2018-03-15 09:55:45.367 [main] INFO  com.ec.customer.CustomerApplication:	Starting CustomerApplication on winall-PC with PID 11388 (D:\MY\customer\target\classes started by winall in D:\MY\customer)
2018-03-15 09:55:45.370 [main] INFO  com.ec.customer.CustomerApplication:	No active profile set, falling back to default profiles: default
2018-03-15 09:55:46.980 [main] INFO  com.ec.common.service.QueueService:	Initializing ExecutorService:orders-queue
2018-03-15 09:55:46.980 [main] INFO  com.ec.common.service.QueueService:	Initializing Thread:orders-queue-1,Priority:10
2018-03-15 09:55:47.361 [main] INFO  com.ec.common.service.QueueService:	Initializing ExecutorService:vistors-queue
2018-03-15 09:55:47.361 [main] INFO  com.ec.common.service.QueueService:	Initializing Thread:vistors-queue-1,Priority:10
2018-03-15 09:55:47.867 [main] INFO  com.ec.customer.CustomerApplication:	Started CustomerApplication in 2.714 seconds (JVM running for 3.156)
2018-03-15 09:59:30.149 [main] INFO  com.ec.customer.CustomerApplication:	Starting CustomerApplication on winall-PC with PID 11644 (D:\MY\customer\target\classes started by winall in D:\MY\customer)
2018-03-15 09:59:30.158 [main] INFO  com.ec.customer.CustomerApplication:	No active profile set, falling back to default profiles: default
2018-03-15 09:59:31.751 [main] INFO  com.ec.common.service.QueueService:	Initializing ExecutorService:orders-queue
2018-03-15 09:59:31.751 [main] INFO  com.ec.common.service.QueueService:	Initializing Thread:orders-queue-1,Priority:10
2018-03-15 09:59:32.150 [main] INFO  com.ec.common.service.QueueService:	Initializing ExecutorService:vistors-queue
2018-03-15 09:59:32.150 [main] INFO  com.ec.common.service.QueueService:	Initializing Thread:vistors-queue-1,Priority:10
2018-03-15 09:59:32.647 [main] INFO  com.ec.customer.CustomerApplication:	Started CustomerApplication in 2.7 seconds (JVM running for 3.124)
2018-03-15 10:00:28.390 [http-nio-8888-exec-1] ERROR o.a.c.c.C.[.[localhost].[/].[dispatcherServlet]:	Servlet.service() for servlet [dispatcherServlet] in context with path [] threw exception [Request processing failed; nested exception is java.lang.RuntimeException: Receive Err Custome Order] with root cause
java.lang.RuntimeException: Receive Err Custome Order
	at com.ec.customer.controller.OrderController.addRequestBody(OrderController.java:79)
	at sun.reflect.NativeMethodAccessorImpl.invoke0(Native Method)
	at sun.reflect.NativeMethodAccessorImpl.invoke(NativeMethodAccessorImpl.java:62)
	at sun.reflect.DelegatingMethodAccessorImpl.invoke(DelegatingMethodAccessorImpl.java:43)
	at java.lang.reflect.Method.invoke(Method.java:498)
	at org.springframework.web.method.support.InvocableHandlerMethod.doInvoke(InvocableHandlerMethod.java:205)
	at org.springframework.web.method.support.InvocableHandlerMethod.invokeForRequest(InvocableHandlerMethod.java:133)
	at org.springframework.web.servlet.mvc.method.annotation.ServletInvocableHandlerMethod.invokeAndHandle(ServletInvocableHandlerMethod.java:97)
	at org.springframework.web.servlet.mvc.method.annotation.RequestMappingHandlerAdapter.invokeHandlerMethod(RequestMappingHandlerAdapter.java:827)
	at org.springframework.web.servlet.mvc.method.annotation.RequestMappingHandlerAdapter.handleInternal(RequestMappingHandlerAdapter.java:738)
	at org.springframework.web.servlet.mvc.method.AbstractHandlerMethodAdapter.handle(AbstractHandlerMethodAdapter.java:85)
	at org.springframework.web.servlet.DispatcherServlet.doDispatch(DispatcherServlet.java:967)
	at org.springframework.web.servlet.DispatcherServlet.doService(DispatcherServlet.java:901)
	at org.springframework.web.servlet.FrameworkServlet.processRequest(FrameworkServlet.java:970)
	at org.springframework.web.servlet.FrameworkServlet.doPost(FrameworkServlet.java:872)
	at javax.servlet.http.HttpServlet.service(HttpServlet.java:661)
	at org.springframework.web.servlet.FrameworkServlet.service(FrameworkServlet.java:846)
	at javax.servlet.http.HttpServlet.service(HttpServlet.java:742)
	at org.apache.catalina.core.ApplicationFilterChain.internalDoFilter(ApplicationFilterChain.java:231)
	at org.apache.catalina.core.ApplicationFilterChain.doFilter(ApplicationFilterChain.java:166)
	at org.apache.tomcat.websocket.server.WsFilter.doFilter(WsFilter.java:52)
	at org.apache.catalina.core.ApplicationFilterChain.internalDoFilter(ApplicationFilterChain.java:193)
	at org.apache.catalina.core.ApplicationFilterChain.doFilter(ApplicationFilterChain.java:166)
	at org.springframework.web.filter.CharacterEncodingFilter.doFilterInternal(CharacterEncodingFilter.java:197)
	at org.springframework.web.filter.OncePerRequestFilter.doFilter(OncePerRequestFilter.java:107)
	at org.apache.catalina.core.ApplicationFilterChain.internalDoFilter(ApplicationFilterChain.java:193)
	at org.apache.catalina.core.ApplicationFilterChain.doFilter(ApplicationFilterChain.java:166)
	at org.apache.catalina.core.StandardWrapperValve.invoke(StandardWrapperValve.java:199)
	at org.apache.catalina.core.StandardContextValve.invoke(StandardContextValve.java:96)
	at org.apache.catalina.authenticator.AuthenticatorBase.invoke(AuthenticatorBase.java:478)
	at org.apache.catalina.core.StandardHostValve.invoke(StandardHostValve.java:140)
	at org.apache.catalina.valves.ErrorReportValve.invoke(ErrorReportValve.java:81)
	at org.apache.catalina.core.StandardEngineValve.invoke(StandardEngineValve.java:87)
	at org.apache.catalina.connector.CoyoteAdapter.service(CoyoteAdapter.java:342)
	at org.apache.coyote.http11.Http11Processor.service(Http11Processor.java:803)
	at org.apache.coyote.AbstractProcessorLight.process(AbstractProcessorLight.java:66)
	at org.apache.coyote.AbstractProtocol$ConnectionHandler.process(AbstractProtocol.java:868)
	at org.apache.tomcat.util.net.NioEndpoint$SocketProcessor.doRun(NioEndpoint.java:1459)
	at org.apache.tomcat.util.net.SocketProcessorBase.run(SocketProcessorBase.java:49)
	at java.util.concurrent.ThreadPoolExecutor.runWorker(ThreadPoolExecutor.java:1142)
	at java.util.concurrent.ThreadPoolExecutor$Worker.run(ThreadPoolExecutor.java:617)
	at org.apache.tomcat.util.threads.TaskThread$WrappingRunnable.run(TaskThread.java:61)
	at java.lang.Thread.run(Thread.java:745)
2018-03-15 10:01:53.618 [main] INFO  o.s.b.t.context.SpringBootTestContextBootstrapper:	Neither @ContextConfiguration nor @ContextHierarchy found for test class [com.ec.customer.CustomerApplicationTests], using SpringBootContextLoader
2018-03-15 10:01:53.623 [main] INFO  o.s.test.context.support.AbstractContextLoader:	Could not detect default resource locations for test class [com.ec.customer.CustomerApplicationTests]: no resource found for suffixes {-context.xml, Context.groovy}.
2018-03-15 10:01:53.623 [main] INFO  o.s.t.c.support.AnnotationConfigContextLoaderUtils:	Could not detect default configuration classes for test class [com.ec.customer.CustomerApplicationTests]: CustomerApplicationTests does not declare any static, non-private, non-final, nested classes annotated with @Configuration.
2018-03-15 10:01:53.707 [main] INFO  o.s.b.t.context.SpringBootTestContextBootstrapper:	Found @SpringBootConfiguration com.ec.customer.CustomerApplication for test class com.ec.customer.CustomerApplicationTests
2018-03-15 10:01:53.713 [main] INFO  o.s.b.t.context.SpringBootTestContextBootstrapper:	Loaded default TestExecutionListener class names from location [META-INF/spring.factories]: [org.springframework.boot.test.mock.mockito.MockitoTestExecutionListener, org.springframework.boot.test.mock.mockito.ResetMocksTestExecutionListener, org.springframework.boot.test.autoconfigure.restdocs.RestDocsTestExecutionListener, org.springframework.boot.test.autoconfigure.web.client.MockRestServiceServerResetTestExecutionListener, org.springframework.boot.test.autoconfigure.web.servlet.MockMvcPrintOnlyOnFailureTestExecutionListener, org.springframework.boot.test.autoconfigure.web.servlet.WebDriverTestExecutionListener, org.springframework.test.context.web.ServletTestExecutionListener, org.springframework.test.context.support.DirtiesContextBeforeModesTestExecutionListener, org.springframework.test.context.support.DependencyInjectionTestExecutionListener, org.springframework.test.context.support.DirtiesContextTestExecutionListener, org.springframework.test.context.transaction.TransactionalTestExecutionListener, org.springframework.test.context.jdbc.SqlScriptsTestExecutionListener]
2018-03-15 10:01:53.726 [main] INFO  o.s.b.t.context.SpringBootTestContextBootstrapper:	Using TestExecutionListeners: [org.springframework.test.context.web.ServletTestExecutionListener@1ab3a8c8, org.springframework.test.context.support.DirtiesContextBeforeModesTestExecutionListener@43195e57, org.springframework.boot.test.autoconfigure.SpringBootDependencyInjectionTestExecutionListener@333291e3, org.springframework.test.context.support.DirtiesContextTestExecutionListener@479d31f3, org.springframework.test.context.transaction.TransactionalTestExecutionListener@40ef3420, org.springframework.test.context.jdbc.SqlScriptsTestExecutionListener@498d318c, org.springframework.boot.test.mock.mockito.ResetMocksTestExecutionListener@6e171cd7, org.springframework.boot.test.autoconfigure.web.client.MockRestServiceServerResetTestExecutionListener@402bba4f, org.springframework.boot.test.autoconfigure.restdocs.RestDocsTestExecutionListener@795cd85e, org.springframework.boot.test.autoconfigure.web.servlet.MockMvcPrintOnlyOnFailureTestExecutionListener@59fd97a8, org.springframework.boot.test.mock.mockito.MockitoTestExecutionListener@f5ac9e4, org.springframework.boot.test.autoconfigure.web.servlet.WebDriverTestExecutionListener@123ef382]
2018-03-15 10:01:53.730 [main] INFO  o.s.b.t.context.SpringBootTestContextBootstrapper:	Neither @ContextConfiguration nor @ContextHierarchy found for test class [com.ec.customer.CustomerApplicationTests], using SpringBootContextLoader
2018-03-15 10:01:53.731 [main] INFO  o.s.test.context.support.AbstractContextLoader:	Could not detect default resource locations for test class [com.ec.customer.CustomerApplicationTests]: no resource found for suffixes {-context.xml, Context.groovy}.
2018-03-15 10:01:53.731 [main] INFO  o.s.t.c.support.AnnotationConfigContextLoaderUtils:	Could not detect default configuration classes for test class [com.ec.customer.CustomerApplicationTests]: CustomerApplicationTests does not declare any static, non-private, non-final, nested classes annotated with @Configuration.
2018-03-15 10:01:53.735 [main] INFO  o.s.b.t.context.SpringBootTestContextBootstrapper:	Found @SpringBootConfiguration com.ec.customer.CustomerApplication for test class com.ec.customer.CustomerApplicationTests
2018-03-15 10:01:53.741 [main] INFO  o.s.b.t.context.SpringBootTestContextBootstrapper:	Loaded default TestExecutionListener class names from location [META-INF/spring.factories]: [org.springframework.boot.test.mock.mockito.MockitoTestExecutionListener, org.springframework.boot.test.mock.mockito.ResetMocksTestExecutionListener, org.springframework.boot.test.autoconfigure.restdocs.RestDocsTestExecutionListener, org.springframework.boot.test.autoconfigure.web.client.MockRestServiceServerResetTestExecutionListener, org.springframework.boot.test.autoconfigure.web.servlet.MockMvcPrintOnlyOnFailureTestExecutionListener, org.springframework.boot.test.autoconfigure.web.servlet.WebDriverTestExecutionListener, org.springframework.test.context.web.ServletTestExecutionListener, org.springframework.test.context.support.DirtiesContextBeforeModesTestExecutionListener, org.springframework.test.context.support.DependencyInjectionTestExecutionListener, org.springframework.test.context.support.DirtiesContextTestExecutionListener, org.springframework.test.context.transaction.TransactionalTestExecutionListener, org.springframework.test.context.jdbc.SqlScriptsTestExecutionListener]
2018-03-15 10:01:53.745 [main] INFO  o.s.b.t.context.SpringBootTestContextBootstrapper:	Using TestExecutionListeners: [org.springframework.test.context.web.ServletTestExecutionListener@16d04d3d, org.springframework.test.context.support.DirtiesContextBeforeModesTestExecutionListener@49ec71f8, org.springframework.boot.test.autoconfigure.SpringBootDependencyInjectionTestExecutionListener@1d2adfbe, org.springframework.test.context.support.DirtiesContextTestExecutionListener@36902638, org.springframework.test.context.transaction.TransactionalTestExecutionListener@223d2c72, org.springframework.test.context.jdbc.SqlScriptsTestExecutionListener@8f4ea7c, org.springframework.boot.test.mock.mockito.ResetMocksTestExecutionListener@436813f3, org.springframework.boot.test.autoconfigure.web.client.MockRestServiceServerResetTestExecutionListener@74fe5c40, org.springframework.boot.test.autoconfigure.restdocs.RestDocsTestExecutionListener@3febb011, org.springframework.boot.test.autoconfigure.web.servlet.MockMvcPrintOnlyOnFailureTestExecutionListener@10e31a9a, org.springframework.boot.test.mock.mockito.MockitoTestExecutionListener@131774fe, org.springframework.boot.test.autoconfigure.web.servlet.WebDriverTestExecutionListener@158d2680]
2018-03-15 10:01:54.000 [main] INFO  com.ec.customer.CustomerApplicationTests:	Starting CustomerApplicationTests on winall-PC with PID 5376 (started by winall in D:\MY\customer)
2018-03-15 10:01:54.001 [main] INFO  com.ec.customer.CustomerApplicationTests:	No active profile set, falling back to default profiles: default
2018-03-15 10:01:55.095 [main] INFO  com.ec.common.service.QueueService:	Initializing ExecutorService:orders-queue
2018-03-15 10:01:55.096 [main] INFO  com.ec.common.service.QueueService:	Initializing Thread:orders-queue-1,Priority:10
2018-03-15 10:01:55.548 [main] INFO  com.ec.common.service.QueueService:	Initializing ExecutorService:vistors-queue
2018-03-15 10:01:55.548 [main] INFO  com.ec.common.service.QueueService:	Initializing Thread:vistors-queue-1,Priority:10
2018-03-15 10:01:56.149 [main] INFO  com.ec.customer.CustomerApplicationTests:	Started CustomerApplicationTests in 2.344 seconds (JVM running for 2.958)
2018-03-15 10:01:56.194 [Thread-8] INFO  com.ec.common.service.QueueService:	Destroy ExecutorService:vistors-queue
2018-03-15 10:02:28.238 [main] INFO  o.s.b.t.context.SpringBootTestContextBootstrapper:	Neither @ContextConfiguration nor @ContextHierarchy found for test class [com.ec.customer.CustomerApplicationTests], using SpringBootContextLoader
2018-03-15 10:02:28.243 [main] INFO  o.s.test.context.support.AbstractContextLoader:	Could not detect default resource locations for test class [com.ec.customer.CustomerApplicationTests]: no resource found for suffixes {-context.xml, Context.groovy}.
2018-03-15 10:02:28.243 [main] INFO  o.s.t.c.support.AnnotationConfigContextLoaderUtils:	Could not detect default configuration classes for test class [com.ec.customer.CustomerApplicationTests]: CustomerApplicationTests does not declare any static, non-private, non-final, nested classes annotated with @Configuration.
2018-03-15 10:02:28.329 [main] INFO  o.s.b.t.context.SpringBootTestContextBootstrapper:	Found @SpringBootConfiguration com.ec.customer.CustomerApplication for test class com.ec.customer.CustomerApplicationTests
2018-03-15 10:02:28.335 [main] INFO  o.s.b.t.context.SpringBootTestContextBootstrapper:	Loaded default TestExecutionListener class names from location [META-INF/spring.factories]: [org.springframework.boot.test.mock.mockito.MockitoTestExecutionListener, org.springframework.boot.test.mock.mockito.ResetMocksTestExecutionListener, org.springframework.boot.test.autoconfigure.restdocs.RestDocsTestExecutionListener, org.springframework.boot.test.autoconfigure.web.client.MockRestServiceServerResetTestExecutionListener, org.springframework.boot.test.autoconfigure.web.servlet.MockMvcPrintOnlyOnFailureTestExecutionListener, org.springframework.boot.test.autoconfigure.web.servlet.WebDriverTestExecutionListener, org.springframework.test.context.web.ServletTestExecutionListener, org.springframework.test.context.support.DirtiesContextBeforeModesTestExecutionListener, org.springframework.test.context.support.DependencyInjectionTestExecutionListener, org.springframework.test.context.support.DirtiesContextTestExecutionListener, org.springframework.test.context.transaction.TransactionalTestExecutionListener, org.springframework.test.context.jdbc.SqlScriptsTestExecutionListener]
2018-03-15 10:02:28.348 [main] INFO  o.s.b.t.context.SpringBootTestContextBootstrapper:	Using TestExecutionListeners: [org.springframework.test.context.web.ServletTestExecutionListener@1afd44cb, org.springframework.test.context.support.DirtiesContextBeforeModesTestExecutionListener@6973b51b, org.springframework.boot.test.autoconfigure.SpringBootDependencyInjectionTestExecutionListener@1ab3a8c8, org.springframework.test.context.support.DirtiesContextTestExecutionListener@43195e57, org.springframework.test.context.transaction.TransactionalTestExecutionListener@333291e3, org.springframework.test.context.jdbc.SqlScriptsTestExecutionListener@479d31f3, org.springframework.boot.test.autoconfigure.web.client.MockRestServiceServerResetTestExecutionListener@40ef3420, org.springframework.boot.test.autoconfigure.web.servlet.MockMvcPrintOnlyOnFailureTestExecutionListener@498d318c, org.springframework.boot.test.autoconfigure.web.servlet.WebDriverTestExecutionListener@6e171cd7, org.springframework.boot.test.autoconfigure.restdocs.RestDocsTestExecutionListener@402bba4f, org.springframework.boot.test.mock.mockito.MockitoTestExecutionListener@795cd85e, org.springframework.boot.test.mock.mockito.ResetMocksTestExecutionListener@59fd97a8]
2018-03-15 10:02:28.354 [main] INFO  o.s.b.t.context.SpringBootTestContextBootstrapper:	Neither @ContextConfiguration nor @ContextHierarchy found for test class [com.ec.customer.CustomerApplicationTests], using SpringBootContextLoader
2018-03-15 10:02:28.355 [main] INFO  o.s.test.context.support.AbstractContextLoader:	Could not detect default resource locations for test class [com.ec.customer.CustomerApplicationTests]: no resource found for suffixes {-context.xml, Context.groovy}.
2018-03-15 10:02:28.355 [main] INFO  o.s.t.c.support.AnnotationConfigContextLoaderUtils:	Could not detect default configuration classes for test class [com.ec.customer.CustomerApplicationTests]: CustomerApplicationTests does not declare any static, non-private, non-final, nested classes annotated with @Configuration.
2018-03-15 10:02:28.358 [main] INFO  o.s.b.t.context.SpringBootTestContextBootstrapper:	Found @SpringBootConfiguration com.ec.customer.CustomerApplication for test class com.ec.customer.CustomerApplicationTests
2018-03-15 10:02:28.362 [main] INFO  o.s.b.t.context.SpringBootTestContextBootstrapper:	Loaded default TestExecutionListener class names from location [META-INF/spring.factories]: [org.springframework.boot.test.mock.mockito.MockitoTestExecutionListener, org.springframework.boot.test.mock.mockito.ResetMocksTestExecutionListener, org.springframework.boot.test.autoconfigure.restdocs.RestDocsTestExecutionListener, org.springframework.boot.test.autoconfigure.web.client.MockRestServiceServerResetTestExecutionListener, org.springframework.boot.test.autoconfigure.web.servlet.MockMvcPrintOnlyOnFailureTestExecutionListener, org.springframework.boot.test.autoconfigure.web.servlet.WebDriverTestExecutionListener, org.springframework.test.context.web.ServletTestExecutionListener, org.springframework.test.context.support.DirtiesContextBeforeModesTestExecutionListener, org.springframework.test.context.support.DependencyInjectionTestExecutionListener, org.springframework.test.context.support.DirtiesContextTestExecutionListener, org.springframework.test.context.transaction.TransactionalTestExecutionListener, org.springframework.test.context.jdbc.SqlScriptsTestExecutionListener]
2018-03-15 10:02:28.365 [main] INFO  o.s.b.t.context.SpringBootTestContextBootstrapper:	Using TestExecutionListeners: [org.springframework.test.context.web.ServletTestExecutionListener@36bc55de, org.springframework.test.context.support.DirtiesContextBeforeModesTestExecutionListener@564fabc8, org.springframework.boot.test.autoconfigure.SpringBootDependencyInjectionTestExecutionListener@16d04d3d, org.springframework.test.context.support.DirtiesContextTestExecutionListener@49ec71f8, org.springframework.test.context.transaction.TransactionalTestExecutionListener@1d2adfbe, org.springframework.test.context.jdbc.SqlScriptsTestExecutionListener@36902638, org.springframework.boot.test.autoconfigure.web.client.MockRestServiceServerResetTestExecutionListener@223d2c72, org.springframework.boot.test.autoconfigure.web.servlet.MockMvcPrintOnlyOnFailureTestExecutionListener@8f4ea7c, org.springframework.boot.test.autoconfigure.web.servlet.WebDriverTestExecutionListener@436813f3, org.springframework.boot.test.autoconfigure.restdocs.RestDocsTestExecutionListener@74fe5c40, org.springframework.boot.test.mock.mockito.MockitoTestExecutionListener@3febb011, org.springframework.boot.test.mock.mockito.ResetMocksTestExecutionListener@10e31a9a]
2018-03-15 10:02:28.607 [main] INFO  com.ec.customer.CustomerApplicationTests:	Starting CustomerApplicationTests on winall-PC with PID 9324 (started by winall in D:\MY\customer)
2018-03-15 10:02:28.609 [main] INFO  com.ec.customer.CustomerApplicationTests:	No active profile set, falling back to default profiles: default
2018-03-15 10:02:29.670 [main] INFO  com.ec.common.service.QueueService:	Initializing ExecutorService:orders-queue
2018-03-15 10:02:29.672 [main] INFO  com.ec.common.service.QueueService:	Initializing Thread:orders-queue-1,Priority:10
2018-03-15 10:02:30.139 [main] INFO  com.ec.common.service.QueueService:	Initializing ExecutorService:vistors-queue
2018-03-15 10:02:30.139 [main] INFO  com.ec.common.service.QueueService:	Initializing Thread:vistors-queue-1,Priority:10
2018-03-15 10:02:30.729 [main] INFO  com.ec.customer.CustomerApplicationTests:	Started CustomerApplicationTests in 2.309 seconds (JVM running for 2.955)
2018-03-15 10:02:30.769 [Thread-8] INFO  com.ec.common.service.QueueService:	Destroy ExecutorService:vistors-queue
2018-03-15 10:02:30.769 [Thread-8] INFO  com.ec.common.service.QueueService:	Destroy ExecutorService:orders-queue
