2017-12-11 16:26:56.803 [main] INFO  o.s.b.t.context.SpringBootTestContextBootstrapper:	Neither @ContextConfiguration nor @ContextHierarchy found for test class [com.ec.orders.BmfApplicationTests], using SpringBootContextLoader
2017-12-11 16:26:56.815 [main] INFO  o.s.test.context.support.AbstractContextLoader:	Could not detect default resource locations for test class [com.ec.orders.BmfApplicationTests]: no resource found for suffixes {-context.xml, Context.groovy}.
2017-12-11 16:26:56.816 [main] INFO  o.s.t.c.support.AnnotationConfigContextLoaderUtils:	Could not detect default configuration classes for test class [com.ec.orders.BmfApplicationTests]: BmfApplicationTests does not declare any static, non-private, non-final, nested classes annotated with @Configuration.
2017-12-11 16:26:56.988 [main] INFO  o.s.b.t.context.SpringBootTestContextBootstrapper:	Found @SpringBootConfiguration com.ec.orders.OrdersApplication for test class com.ec.orders.BmfApplicationTests
2017-12-11 16:26:56.994 [main] INFO  o.s.b.t.context.SpringBootTestContextBootstrapper:	Loaded default TestExecutionListener class names from location [META-INF/spring.factories]: [org.springframework.boot.test.mock.mockito.MockitoTestExecutionListener, org.springframework.boot.test.mock.mockito.ResetMocksTestExecutionListener, org.springframework.boot.test.autoconfigure.restdocs.RestDocsTestExecutionListener, org.springframework.boot.test.autoconfigure.web.client.MockRestServiceServerResetTestExecutionListener, org.springframework.boot.test.autoconfigure.web.servlet.MockMvcPrintOnlyOnFailureTestExecutionListener, org.springframework.boot.test.autoconfigure.web.servlet.WebDriverTestExecutionListener, org.springframework.test.context.web.ServletTestExecutionListener, org.springframework.test.context.support.DirtiesContextBeforeModesTestExecutionListener, org.springframework.test.context.support.DependencyInjectionTestExecutionListener, org.springframework.test.context.support.DirtiesContextTestExecutionListener, org.springframework.test.context.transaction.TransactionalTestExecutionListener, org.springframework.test.context.jdbc.SqlScriptsTestExecutionListener]
2017-12-11 16:26:57.039 [main] INFO  o.s.b.t.context.SpringBootTestContextBootstrapper:	Using TestExecutionListeners: [org.springframework.test.context.web.ServletTestExecutionListener@3e2e18f2, org.springframework.test.context.support.DirtiesContextBeforeModesTestExecutionListener@470f1802, org.springframework.boot.test.autoconfigure.SpringBootDependencyInjectionTestExecutionListener@63021689, org.springframework.test.context.support.DirtiesContextTestExecutionListener@703580bf, org.springframework.test.context.transaction.TransactionalTestExecutionListener@3e92efc3, org.springframework.test.context.jdbc.SqlScriptsTestExecutionListener@1622f1b, org.springframework.boot.test.mock.mockito.MockitoTestExecutionListener@72a7c7e0, org.springframework.boot.test.autoconfigure.restdocs.RestDocsTestExecutionListener@2e4b8173, org.springframework.boot.test.autoconfigure.web.servlet.MockMvcPrintOnlyOnFailureTestExecutionListener@70e8f8e, org.springframework.boot.test.mock.mockito.ResetMocksTestExecutionListener@17046283, org.springframework.boot.test.autoconfigure.web.servlet.WebDriverTestExecutionListener@5bd03f44, org.springframework.boot.test.autoconfigure.web.client.MockRestServiceServerResetTestExecutionListener@29626d54]
2017-12-11 16:26:57.045 [main] INFO  o.s.b.t.context.SpringBootTestContextBootstrapper:	Neither @ContextConfiguration nor @ContextHierarchy found for test class [com.ec.orders.BmfApplicationTests], using SpringBootContextLoader
2017-12-11 16:26:57.046 [main] INFO  o.s.test.context.support.AbstractContextLoader:	Could not detect default resource locations for test class [com.ec.orders.BmfApplicationTests]: no resource found for suffixes {-context.xml, Context.groovy}.
2017-12-11 16:26:57.046 [main] INFO  o.s.t.c.support.AnnotationConfigContextLoaderUtils:	Could not detect default configuration classes for test class [com.ec.orders.BmfApplicationTests]: BmfApplicationTests does not declare any static, non-private, non-final, nested classes annotated with @Configuration.
2017-12-11 16:26:57.049 [main] INFO  o.s.b.t.context.SpringBootTestContextBootstrapper:	Found @SpringBootConfiguration com.ec.orders.OrdersApplication for test class com.ec.orders.BmfApplicationTests
2017-12-11 16:26:57.054 [main] INFO  o.s.b.t.context.SpringBootTestContextBootstrapper:	Loaded default TestExecutionListener class names from location [META-INF/spring.factories]: [org.springframework.boot.test.mock.mockito.MockitoTestExecutionListener, org.springframework.boot.test.mock.mockito.ResetMocksTestExecutionListener, org.springframework.boot.test.autoconfigure.restdocs.RestDocsTestExecutionListener, org.springframework.boot.test.autoconfigure.web.client.MockRestServiceServerResetTestExecutionListener, org.springframework.boot.test.autoconfigure.web.servlet.MockMvcPrintOnlyOnFailureTestExecutionListener, org.springframework.boot.test.autoconfigure.web.servlet.WebDriverTestExecutionListener, org.springframework.test.context.web.ServletTestExecutionListener, org.springframework.test.context.support.DirtiesContextBeforeModesTestExecutionListener, org.springframework.test.context.support.DependencyInjectionTestExecutionListener, org.springframework.test.context.support.DirtiesContextTestExecutionListener, org.springframework.test.context.transaction.TransactionalTestExecutionListener, org.springframework.test.context.jdbc.SqlScriptsTestExecutionListener]
2017-12-11 16:26:57.056 [main] INFO  o.s.b.t.context.SpringBootTestContextBootstrapper:	Using TestExecutionListeners: [org.springframework.test.context.web.ServletTestExecutionListener@192d43ce, org.springframework.test.context.support.DirtiesContextBeforeModesTestExecutionListener@72057ecf, org.springframework.boot.test.autoconfigure.SpringBootDependencyInjectionTestExecutionListener@1afd44cb, org.springframework.test.context.support.DirtiesContextTestExecutionListener@6973b51b, org.springframework.test.context.transaction.TransactionalTestExecutionListener@1ab3a8c8, org.springframework.test.context.jdbc.SqlScriptsTestExecutionListener@43195e57, org.springframework.boot.test.mock.mockito.MockitoTestExecutionListener@333291e3, org.springframework.boot.test.autoconfigure.restdocs.RestDocsTestExecutionListener@479d31f3, org.springframework.boot.test.autoconfigure.web.servlet.MockMvcPrintOnlyOnFailureTestExecutionListener@40ef3420, org.springframework.boot.test.mock.mockito.ResetMocksTestExecutionListener@498d318c, org.springframework.boot.test.autoconfigure.web.servlet.WebDriverTestExecutionListener@6e171cd7, org.springframework.boot.test.autoconfigure.web.client.MockRestServiceServerResetTestExecutionListener@402bba4f]
2017-12-11 16:26:57.541 [main] INFO  com.ec.orders.BmfApplicationTests:	Starting BmfApplicationTests on winall-PC with PID 8960 (started by winall in D:\MyPT\orders)
2017-12-11 16:26:57.541 [main] INFO  com.ec.orders.BmfApplicationTests:	No active profile set, falling back to default profiles: default
2017-12-11 16:26:57.905 [main] INFO  o.s.w.context.support.GenericWebApplicationContext:	Refreshing org.springframework.web.context.support.GenericWebApplicationContext@5824a83d: startup date [Mon Dec 11 16:26:57 CST 2017]; root of context hierarchy
2017-12-11 16:26:58.267 [background-preinit] INFO  org.hibernate.validator.internal.util.Version:	HV000001: Hibernate Validator 5.3.5.Final
2017-12-11 16:26:59.444 [main] INFO  com.ec.common.service.QueueService:	Initializing ExecutorService:orders-queue
2017-12-11 16:26:59.445 [main] INFO  com.ec.common.service.QueueService:	Initializing Thread:orders-queue-1,Priority:10
2017-12-11 16:27:00.115 [main] INFO  o.s.w.s.m.m.a.RequestMappingHandlerMapping:	Mapped "{[/order],methods=[POST]}" onto public com.ec.common.model.Response<java.lang.String> com.ec.orders.controller.OrderController.addModelAttribute(com.ec.orders.model.Orders,javax.servlet.http.HttpServletRequest)
2017-12-11 16:27:00.117 [main] INFO  o.s.w.s.m.m.a.RequestMappingHandlerMapping:	Mapped "{[/order],methods=[PUT]}" onto public com.ec.common.model.Response<java.lang.String> com.ec.orders.controller.OrderController.modModelAttribute(com.ec.orders.model.Orders,javax.servlet.http.HttpServletRequest)
2017-12-11 16:27:00.118 [main] INFO  o.s.w.s.m.m.a.RequestMappingHandlerMapping:	Mapped "{[/order],methods=[POST],consumes=[application/json],produces=[application/json]}" onto public com.ec.common.model.Response<java.lang.String> com.ec.orders.controller.OrderController.addRequestBody(com.ec.orders.model.Orders,javax.servlet.http.HttpServletRequest)
2017-12-11 16:27:00.118 [main] INFO  o.s.w.s.m.m.a.RequestMappingHandlerMapping:	Mapped "{[/order],methods=[PUT],consumes=[application/json],produces=[application/json]}" onto public com.ec.common.model.Response<java.lang.String> com.ec.orders.controller.OrderController.modRequestBody(com.ec.orders.model.Orders,javax.servlet.http.HttpServletRequest)
2017-12-11 16:27:00.120 [main] INFO  o.s.w.s.m.m.a.RequestMappingHandlerMapping:	Mapped "{[/test]}" onto public void com.ec.orders.controller.TestController.test(javax.servlet.http.HttpServletRequest,javax.servlet.http.HttpServletResponse) throws java.io.IOException
2017-12-11 16:27:00.123 [main] INFO  o.s.w.s.m.m.a.RequestMappingHandlerMapping:	Mapped "{[/error]}" onto public org.springframework.http.ResponseEntity<java.util.Map<java.lang.String, java.lang.Object>> org.springframework.boot.autoconfigure.web.BasicErrorController.error(javax.servlet.http.HttpServletRequest)
2017-12-11 16:27:00.124 [main] INFO  o.s.w.s.m.m.a.RequestMappingHandlerMapping:	Mapped "{[/error],produces=[text/html]}" onto public org.springframework.web.servlet.ModelAndView org.springframework.boot.autoconfigure.web.BasicErrorController.errorHtml(javax.servlet.http.HttpServletRequest,javax.servlet.http.HttpServletResponse)
2017-12-11 16:27:00.192 [main] INFO  o.s.w.s.m.m.a.RequestMappingHandlerAdapter:	Looking for @ControllerAdvice: org.springframework.web.context.support.GenericWebApplicationContext@5824a83d: startup date [Mon Dec 11 16:26:57 CST 2017]; root of context hierarchy
2017-12-11 16:27:01.012 [main] INFO  o.s.b.actuate.endpoint.mvc.EndpointHandlerMapping:	Mapped "{[/metrics/{name:.*}],methods=[GET],produces=[application/vnd.spring-boot.actuator.v1+json || application/json]}" onto public java.lang.Object org.springframework.boot.actuate.endpoint.mvc.MetricsMvcEndpoint.value(java.lang.String)
2017-12-11 16:27:01.012 [main] INFO  o.s.b.actuate.endpoint.mvc.EndpointHandlerMapping:	Mapped "{[/metrics || /metrics.json],methods=[GET],produces=[application/vnd.spring-boot.actuator.v1+json || application/json]}" onto public java.lang.Object org.springframework.boot.actuate.endpoint.mvc.EndpointMvcAdapter.invoke()
2017-12-11 16:27:01.013 [main] INFO  o.s.b.actuate.endpoint.mvc.EndpointHandlerMapping:	Mapped "{[/health || /health.json],methods=[GET],produces=[application/vnd.spring-boot.actuator.v1+json || application/json]}" onto public java.lang.Object org.springframework.boot.actuate.endpoint.mvc.HealthMvcEndpoint.invoke(javax.servlet.http.HttpServletRequest,java.security.Principal)
2017-12-11 16:27:01.597 [main] WARN  o.s.b.a.t.AbstractTemplateResolverConfiguration:	Cannot find template location: classpath:/templates/ (please add some templates or check your Thymeleaf configuration)
2017-12-11 16:27:01.762 [main] INFO  o.s.s.a.ScheduledAnnotationBeanPostProcessor:	No TaskScheduler/ScheduledExecutorService bean found for scheduled processing
2017-12-11 16:27:01.774 [main] INFO  com.ec.orders.BmfApplicationTests:	Started BmfApplicationTests in 4.612 seconds (JVM running for 5.654)
2017-12-11 16:27:01.857 [Thread-8] INFO  o.s.w.context.support.GenericWebApplicationContext:	Closing org.springframework.web.context.support.GenericWebApplicationContext@5824a83d: startup date [Mon Dec 11 16:26:57 CST 2017]; root of context hierarchy
2017-12-11 16:27:01.861 [Thread-8] INFO  com.ec.common.service.QueueService:	Destroy ExecutorService:orders-queue
2017-12-11 16:32:42.423 [main] INFO  o.s.b.t.context.SpringBootTestContextBootstrapper:	Neither @ContextConfiguration nor @ContextHierarchy found for test class [com.ec.orders.BmfApplicationTests], using SpringBootContextLoader
2017-12-11 16:32:42.428 [main] INFO  o.s.test.context.support.AbstractContextLoader:	Could not detect default resource locations for test class [com.ec.orders.BmfApplicationTests]: no resource found for suffixes {-context.xml, Context.groovy}.
2017-12-11 16:32:42.430 [main] INFO  o.s.t.c.support.AnnotationConfigContextLoaderUtils:	Could not detect default configuration classes for test class [com.ec.orders.BmfApplicationTests]: BmfApplicationTests does not declare any static, non-private, non-final, nested classes annotated with @Configuration.
2017-12-11 16:32:42.517 [main] INFO  o.s.b.t.context.SpringBootTestContextBootstrapper:	Found @SpringBootConfiguration com.ec.orders.OrdersApplication for test class com.ec.orders.BmfApplicationTests
2017-12-11 16:32:42.523 [main] INFO  o.s.b.t.context.SpringBootTestContextBootstrapper:	Loaded default TestExecutionListener class names from location [META-INF/spring.factories]: [org.springframework.boot.test.mock.mockito.MockitoTestExecutionListener, org.springframework.boot.test.mock.mockito.ResetMocksTestExecutionListener, org.springframework.boot.test.autoconfigure.restdocs.RestDocsTestExecutionListener, org.springframework.boot.test.autoconfigure.web.client.MockRestServiceServerResetTestExecutionListener, org.springframework.boot.test.autoconfigure.web.servlet.MockMvcPrintOnlyOnFailureTestExecutionListener, org.springframework.boot.test.autoconfigure.web.servlet.WebDriverTestExecutionListener, org.springframework.test.context.web.ServletTestExecutionListener, org.springframework.test.context.support.DirtiesContextBeforeModesTestExecutionListener, org.springframework.test.context.support.DependencyInjectionTestExecutionListener, org.springframework.test.context.support.DirtiesContextTestExecutionListener, org.springframework.test.context.transaction.TransactionalTestExecutionListener, org.springframework.test.context.jdbc.SqlScriptsTestExecutionListener]
2017-12-11 16:32:42.536 [main] INFO  o.s.b.t.context.SpringBootTestContextBootstrapper:	Using TestExecutionListeners: [org.springframework.test.context.web.ServletTestExecutionListener@63021689, org.springframework.test.context.support.DirtiesContextBeforeModesTestExecutionListener@703580bf, org.springframework.boot.test.autoconfigure.SpringBootDependencyInjectionTestExecutionListener@3e92efc3, org.springframework.test.context.support.DirtiesContextTestExecutionListener@1622f1b, org.springframework.test.context.transaction.TransactionalTestExecutionListener@72a7c7e0, org.springframework.test.context.jdbc.SqlScriptsTestExecutionListener@2e4b8173, org.springframework.boot.test.mock.mockito.ResetMocksTestExecutionListener@70e8f8e, org.springframework.boot.test.autoconfigure.web.servlet.MockMvcPrintOnlyOnFailureTestExecutionListener@17046283, org.springframework.boot.test.mock.mockito.MockitoTestExecutionListener@5bd03f44, org.springframework.boot.test.autoconfigure.restdocs.RestDocsTestExecutionListener@29626d54, org.springframework.boot.test.autoconfigure.web.client.MockRestServiceServerResetTestExecutionListener@5a63f509, org.springframework.boot.test.autoconfigure.web.servlet.WebDriverTestExecutionListener@6e4784bc]
2017-12-11 16:32:42.540 [main] INFO  o.s.b.t.context.SpringBootTestContextBootstrapper:	Neither @ContextConfiguration nor @ContextHierarchy found for test class [com.ec.orders.BmfApplicationTests], using SpringBootContextLoader
2017-12-11 16:32:42.541 [main] INFO  o.s.test.context.support.AbstractContextLoader:	Could not detect default resource locations for test class [com.ec.orders.BmfApplicationTests]: no resource found for suffixes {-context.xml, Context.groovy}.
2017-12-11 16:32:42.541 [main] INFO  o.s.t.c.support.AnnotationConfigContextLoaderUtils:	Could not detect default configuration classes for test class [com.ec.orders.BmfApplicationTests]: BmfApplicationTests does not declare any static, non-private, non-final, nested classes annotated with @Configuration.
2017-12-11 16:32:42.545 [main] INFO  o.s.b.t.context.SpringBootTestContextBootstrapper:	Found @SpringBootConfiguration com.ec.orders.OrdersApplication for test class com.ec.orders.BmfApplicationTests
2017-12-11 16:32:42.549 [main] INFO  o.s.b.t.context.SpringBootTestContextBootstrapper:	Loaded default TestExecutionListener class names from location [META-INF/spring.factories]: [org.springframework.boot.test.mock.mockito.MockitoTestExecutionListener, org.springframework.boot.test.mock.mockito.ResetMocksTestExecutionListener, org.springframework.boot.test.autoconfigure.restdocs.RestDocsTestExecutionListener, org.springframework.boot.test.autoconfigure.web.client.MockRestServiceServerResetTestExecutionListener, org.springframework.boot.test.autoconfigure.web.servlet.MockMvcPrintOnlyOnFailureTestExecutionListener, org.springframework.boot.test.autoconfigure.web.servlet.WebDriverTestExecutionListener, org.springframework.test.context.web.ServletTestExecutionListener, org.springframework.test.context.support.DirtiesContextBeforeModesTestExecutionListener, org.springframework.test.context.support.DependencyInjectionTestExecutionListener, org.springframework.test.context.support.DirtiesContextTestExecutionListener, org.springframework.test.context.transaction.TransactionalTestExecutionListener, org.springframework.test.context.jdbc.SqlScriptsTestExecutionListener]
2017-12-11 16:32:42.553 [main] INFO  o.s.b.t.context.SpringBootTestContextBootstrapper:	Using TestExecutionListeners: [org.springframework.test.context.web.ServletTestExecutionListener@1afd44cb, org.springframework.test.context.support.DirtiesContextBeforeModesTestExecutionListener@6973b51b, org.springframework.boot.test.autoconfigure.SpringBootDependencyInjectionTestExecutionListener@1ab3a8c8, org.springframework.test.context.support.DirtiesContextTestExecutionListener@43195e57, org.springframework.test.context.transaction.TransactionalTestExecutionListener@333291e3, org.springframework.test.context.jdbc.SqlScriptsTestExecutionListener@479d31f3, org.springframework.boot.test.mock.mockito.ResetMocksTestExecutionListener@40ef3420, org.springframework.boot.test.autoconfigure.web.servlet.MockMvcPrintOnlyOnFailureTestExecutionListener@498d318c, org.springframework.boot.test.mock.mockito.MockitoTestExecutionListener@6e171cd7, org.springframework.boot.test.autoconfigure.restdocs.RestDocsTestExecutionListener@402bba4f, org.springframework.boot.test.autoconfigure.web.client.MockRestServiceServerResetTestExecutionListener@795cd85e, org.springframework.boot.test.autoconfigure.web.servlet.WebDriverTestExecutionListener@59fd97a8]
2017-12-11 16:32:42.786 [main] INFO  com.ec.orders.BmfApplicationTests:	Starting BmfApplicationTests on winall-PC with PID 9112 (started by winall in D:\MyPT\orders)
2017-12-11 16:32:42.786 [main] INFO  com.ec.orders.BmfApplicationTests:	No active profile set, falling back to default profiles: default
2017-12-11 16:32:42.930 [main] INFO  o.s.w.context.support.GenericWebApplicationContext:	Refreshing org.springframework.web.context.support.GenericWebApplicationContext@5824a83d: startup date [Mon Dec 11 16:32:42 CST 2017]; root of context hierarchy
2017-12-11 16:32:43.032 [background-preinit] INFO  org.hibernate.validator.internal.util.Version:	HV000001: Hibernate Validator 5.3.5.Final
2017-12-11 16:32:44.010 [main] INFO  com.ec.common.service.QueueService:	Initializing ExecutorService:orders-queue
2017-12-11 16:32:44.011 [main] INFO  com.ec.common.service.QueueService:	Initializing Thread:orders-queue-1,Priority:10
2017-12-11 16:32:44.519 [main] INFO  o.s.w.s.m.m.a.RequestMappingHandlerMapping:	Mapped "{[/order],methods=[POST],consumes=[application/json],produces=[application/json]}" onto public com.ec.common.model.Response<java.lang.String> com.ec.orders.controller.OrderController.addRequestBody(com.ec.orders.model.Orders,javax.servlet.http.HttpServletRequest)
2017-12-11 16:32:44.520 [main] INFO  o.s.w.s.m.m.a.RequestMappingHandlerMapping:	Mapped "{[/order],methods=[PUT],consumes=[application/json],produces=[application/json]}" onto public com.ec.common.model.Response<java.lang.String> com.ec.orders.controller.OrderController.modRequestBody(com.ec.orders.model.Orders,javax.servlet.http.HttpServletRequest)
2017-12-11 16:32:44.520 [main] INFO  o.s.w.s.m.m.a.RequestMappingHandlerMapping:	Mapped "{[/order],methods=[POST]}" onto public com.ec.common.model.Response<java.lang.String> com.ec.orders.controller.OrderController.addModelAttribute(com.ec.orders.model.Orders,javax.servlet.http.HttpServletRequest)
2017-12-11 16:32:44.521 [main] INFO  o.s.w.s.m.m.a.RequestMappingHandlerMapping:	Mapped "{[/order],methods=[PUT]}" onto public com.ec.common.model.Response<java.lang.String> com.ec.orders.controller.OrderController.modModelAttribute(com.ec.orders.model.Orders,javax.servlet.http.HttpServletRequest)
2017-12-11 16:32:44.522 [main] INFO  o.s.w.s.m.m.a.RequestMappingHandlerMapping:	Mapped "{[/test]}" onto public void com.ec.orders.controller.TestController.test(javax.servlet.http.HttpServletRequest,javax.servlet.http.HttpServletResponse) throws java.io.IOException
2017-12-11 16:32:44.527 [main] INFO  o.s.w.s.m.m.a.RequestMappingHandlerMapping:	Mapped "{[/error]}" onto public org.springframework.http.ResponseEntity<java.util.Map<java.lang.String, java.lang.Object>> org.springframework.boot.autoconfigure.web.BasicErrorController.error(javax.servlet.http.HttpServletRequest)
2017-12-11 16:32:44.528 [main] INFO  o.s.w.s.m.m.a.RequestMappingHandlerMapping:	Mapped "{[/error],produces=[text/html]}" onto public org.springframework.web.servlet.ModelAndView org.springframework.boot.autoconfigure.web.BasicErrorController.errorHtml(javax.servlet.http.HttpServletRequest,javax.servlet.http.HttpServletResponse)
2017-12-11 16:32:44.580 [main] INFO  o.s.w.s.m.m.a.RequestMappingHandlerAdapter:	Looking for @ControllerAdvice: org.springframework.web.context.support.GenericWebApplicationContext@5824a83d: startup date [Mon Dec 11 16:32:42 CST 2017]; root of context hierarchy
2017-12-11 16:32:45.080 [main] INFO  o.s.b.actuate.endpoint.mvc.EndpointHandlerMapping:	Mapped "{[/metrics/{name:.*}],methods=[GET],produces=[application/vnd.spring-boot.actuator.v1+json || application/json]}" onto public java.lang.Object org.springframework.boot.actuate.endpoint.mvc.MetricsMvcEndpoint.value(java.lang.String)
2017-12-11 16:32:45.081 [main] INFO  o.s.b.actuate.endpoint.mvc.EndpointHandlerMapping:	Mapped "{[/metrics || /metrics.json],methods=[GET],produces=[application/vnd.spring-boot.actuator.v1+json || application/json]}" onto public java.lang.Object org.springframework.boot.actuate.endpoint.mvc.EndpointMvcAdapter.invoke()
2017-12-11 16:32:45.082 [main] INFO  o.s.b.actuate.endpoint.mvc.EndpointHandlerMapping:	Mapped "{[/health || /health.json],methods=[GET],produces=[application/vnd.spring-boot.actuator.v1+json || application/json]}" onto public java.lang.Object org.springframework.boot.actuate.endpoint.mvc.HealthMvcEndpoint.invoke(javax.servlet.http.HttpServletRequest,java.security.Principal)
2017-12-11 16:32:45.409 [main] WARN  o.s.b.a.t.AbstractTemplateResolverConfiguration:	Cannot find template location: classpath:/templates/ (please add some templates or check your Thymeleaf configuration)
2017-12-11 16:32:45.537 [main] INFO  o.s.s.a.ScheduledAnnotationBeanPostProcessor:	No TaskScheduler/ScheduledExecutorService bean found for scheduled processing
2017-12-11 16:32:45.549 [main] INFO  com.ec.orders.BmfApplicationTests:	Started BmfApplicationTests in 2.942 seconds (JVM running for 3.524)
2017-12-11 16:32:45.589 [Thread-8] INFO  o.s.w.context.support.GenericWebApplicationContext:	Closing org.springframework.web.context.support.GenericWebApplicationContext@5824a83d: startup date [Mon Dec 11 16:32:42 CST 2017]; root of context hierarchy
2017-12-11 16:32:45.591 [Thread-8] INFO  com.ec.common.service.QueueService:	Destroy ExecutorService:orders-queue
2017-12-11 17:03:38.361 [main] INFO  com.ec.orders.OrdersApplication:	Starting OrdersApplication on winall-PC with PID 7452 (D:\MyPT\orders\target\classes started by winall in D:\MyPT\orders)
2017-12-11 17:03:38.364 [main] INFO  com.ec.orders.OrdersApplication:	No active profile set, falling back to default profiles: default
2017-12-11 17:03:38.647 [main] INFO  o.s.b.c.e.AnnotationConfigEmbeddedWebApplicationContext:	Refreshing org.springframework.boot.context.embedded.AnnotationConfigEmbeddedWebApplicationContext@54c562f7: startup date [Mon Dec 11 17:03:38 CST 2017]; root of context hierarchy
2017-12-11 17:03:38.701 [background-preinit] INFO  org.hibernate.validator.internal.util.Version:	HV000001: Hibernate Validator 5.3.5.Final
2017-12-11 17:03:39.998 [main] INFO  o.s.b.c.e.tomcat.TomcatEmbeddedServletContainer:	Tomcat initialized with port(s): 8888 (http)
2017-12-11 17:03:40.007 [main] INFO  org.apache.catalina.core.StandardService:	Starting service [Tomcat]
2017-12-11 17:03:40.008 [main] INFO  org.apache.catalina.core.StandardEngine:	Starting Servlet Engine: Apache Tomcat/8.5.23
2017-12-11 17:03:40.080 [localhost-startStop-1] INFO  o.a.c.c.C.[Tomcat].[localhost].[/orders]:	Initializing Spring embedded WebApplicationContext
2017-12-11 17:03:40.080 [localhost-startStop-1] INFO  org.springframework.web.context.ContextLoader:	Root WebApplicationContext: initialization completed in 1433 ms
2017-12-11 17:03:40.230 [localhost-startStop-1] INFO  o.s.boot.web.servlet.ServletRegistrationBean:	Mapping servlet: 'dispatcherServlet' to [/]
2017-12-11 17:03:40.233 [localhost-startStop-1] INFO  o.s.boot.web.servlet.FilterRegistrationBean:	Mapping filter: 'metricsFilter' to: [/*]
2017-12-11 17:03:40.233 [localhost-startStop-1] INFO  o.s.boot.web.servlet.FilterRegistrationBean:	Mapping filter: 'characterEncodingFilter' to: [/*]
2017-12-11 17:03:40.233 [localhost-startStop-1] INFO  o.s.boot.web.servlet.FilterRegistrationBean:	Mapping filter: 'webRequestLoggingFilter' to: [/*]
2017-12-11 17:03:40.233 [localhost-startStop-1] INFO  o.s.boot.web.servlet.FilterRegistrationBean:	Mapping filter: 'applicationContextIdFilter' to: [/*]
2017-12-11 17:03:40.281 [main] INFO  com.ec.common.service.QueueService:	Initializing ExecutorService:orders-queue
2017-12-11 17:03:40.282 [main] INFO  com.ec.common.service.QueueService:	Initializing Thread:orders-queue-1,Priority:10
2017-12-11 17:03:40.675 [main] INFO  o.s.w.s.m.m.a.RequestMappingHandlerMapping:	Mapped "{[/order],methods=[POST],consumes=[application/json],produces=[application/json]}" onto public com.ec.common.model.Response<java.lang.String> com.ec.orders.controller.OrderController.addRequestBody(com.ec.orders.model.Orders,javax.servlet.http.HttpServletRequest)
2017-12-11 17:03:40.676 [main] INFO  o.s.w.s.m.m.a.RequestMappingHandlerMapping:	Mapped "{[/order],methods=[PUT],consumes=[application/json],produces=[application/json]}" onto public com.ec.common.model.Response<java.lang.String> com.ec.orders.controller.OrderController.modRequestBody(com.ec.orders.model.Orders,javax.servlet.http.HttpServletRequest)
2017-12-11 17:03:40.676 [main] INFO  o.s.w.s.m.m.a.RequestMappingHandlerMapping:	Mapped "{[/order],methods=[POST]}" onto public com.ec.common.model.Response<java.lang.String> com.ec.orders.controller.OrderController.addModelAttribute(com.ec.orders.model.Orders,javax.servlet.http.HttpServletRequest)
2017-12-11 17:03:40.677 [main] INFO  o.s.w.s.m.m.a.RequestMappingHandlerMapping:	Mapped "{[/order],methods=[PUT]}" onto public com.ec.common.model.Response<java.lang.String> com.ec.orders.controller.OrderController.modModelAttribute(com.ec.orders.model.Orders,javax.servlet.http.HttpServletRequest)
2017-12-11 17:03:40.677 [main] INFO  o.s.w.s.m.m.a.RequestMappingHandlerMapping:	Mapped "{[/test]}" onto public void com.ec.orders.controller.TestController.test(javax.servlet.http.HttpServletRequest,javax.servlet.http.HttpServletResponse) throws java.io.IOException
2017-12-11 17:03:40.681 [main] INFO  o.s.w.s.m.m.a.RequestMappingHandlerMapping:	Mapped "{[/error]}" onto public org.springframework.http.ResponseEntity<java.util.Map<java.lang.String, java.lang.Object>> org.springframework.boot.autoconfigure.web.BasicErrorController.error(javax.servlet.http.HttpServletRequest)
2017-12-11 17:03:40.681 [main] INFO  o.s.w.s.m.m.a.RequestMappingHandlerMapping:	Mapped "{[/error],produces=[text/html]}" onto public org.springframework.web.servlet.ModelAndView org.springframework.boot.autoconfigure.web.BasicErrorController.errorHtml(javax.servlet.http.HttpServletRequest,javax.servlet.http.HttpServletResponse)
2017-12-11 17:03:40.730 [main] INFO  o.s.w.s.m.m.a.RequestMappingHandlerAdapter:	Looking for @ControllerAdvice: org.springframework.boot.context.embedded.AnnotationConfigEmbeddedWebApplicationContext@54c562f7: startup date [Mon Dec 11 17:03:38 CST 2017]; root of context hierarchy
2017-12-11 17:03:41.250 [main] INFO  o.s.b.actuate.endpoint.mvc.EndpointHandlerMapping:	Mapped "{[/health || /health.json],methods=[GET],produces=[application/vnd.spring-boot.actuator.v1+json || application/json]}" onto public java.lang.Object org.springframework.boot.actuate.endpoint.mvc.HealthMvcEndpoint.invoke(javax.servlet.http.HttpServletRequest,java.security.Principal)
2017-12-11 17:03:41.251 [main] INFO  o.s.b.actuate.endpoint.mvc.EndpointHandlerMapping:	Mapped "{[/metrics/{name:.*}],methods=[GET],produces=[application/vnd.spring-boot.actuator.v1+json || application/json]}" onto public java.lang.Object org.springframework.boot.actuate.endpoint.mvc.MetricsMvcEndpoint.value(java.lang.String)
2017-12-11 17:03:41.251 [main] INFO  o.s.b.actuate.endpoint.mvc.EndpointHandlerMapping:	Mapped "{[/metrics || /metrics.json],methods=[GET],produces=[application/vnd.spring-boot.actuator.v1+json || application/json]}" onto public java.lang.Object org.springframework.boot.actuate.endpoint.mvc.EndpointMvcAdapter.invoke()
2017-12-11 17:03:41.490 [main] WARN  o.s.b.a.t.AbstractTemplateResolverConfiguration:	Cannot find template location: classpath:/templates/ (please add some templates or check your Thymeleaf configuration)
2017-12-11 17:03:41.602 [main] INFO  o.s.jmx.export.annotation.AnnotationMBeanExporter:	Registering beans for JMX exposure on startup
2017-12-11 17:03:41.607 [main] INFO  o.s.b.actuate.endpoint.jmx.EndpointMBeanExporter:	Registering beans for JMX exposure on startup
2017-12-11 17:03:41.611 [main] INFO  o.s.context.support.DefaultLifecycleProcessor:	Starting beans in phase 0
2017-12-11 17:03:41.618 [main] INFO  o.s.b.actuate.endpoint.jmx.EndpointMBeanExporter:	Located managed bean 'healthEndpoint': registering with JMX server as MBean [orders:type=Endpoint,name=healthEndpoint]
2017-12-11 17:03:41.633 [main] INFO  o.s.b.actuate.endpoint.jmx.EndpointMBeanExporter:	Located managed bean 'metricsEndpoint': registering with JMX server as MBean [orders:type=Endpoint,name=metricsEndpoint]
2017-12-11 17:03:41.645 [main] INFO  o.s.s.a.ScheduledAnnotationBeanPostProcessor:	No TaskScheduler/ScheduledExecutorService bean found for scheduled processing
2017-12-11 17:03:41.654 [main] INFO  org.apache.coyote.http11.Http11NioProtocol:	Initializing ProtocolHandler ["http-nio-8888"]
2017-12-11 17:03:41.665 [main] INFO  org.apache.coyote.http11.Http11NioProtocol:	Starting ProtocolHandler ["http-nio-8888"]
2017-12-11 17:03:41.675 [main] INFO  org.apache.tomcat.util.net.NioSelectorPool:	Using a shared selector for servlet write/read
2017-12-11 17:03:41.687 [main] INFO  o.s.b.c.e.tomcat.TomcatEmbeddedServletContainer:	Tomcat started on port(s): 8888 (http)
2017-12-11 17:03:41.692 [main] INFO  com.ec.orders.OrdersApplication:	Started OrdersApplication in 3.528 seconds (JVM running for 3.915)
2017-12-11 17:03:49.427 [http-nio-8888-exec-1] INFO  o.a.c.c.C.[Tomcat].[localhost].[/orders]:	Initializing Spring FrameworkServlet 'dispatcherServlet'
2017-12-11 17:03:49.428 [http-nio-8888-exec-1] INFO  org.springframework.web.servlet.DispatcherServlet:	FrameworkServlet 'dispatcherServlet': initialization started
2017-12-11 17:03:49.442 [http-nio-8888-exec-1] INFO  org.springframework.web.servlet.DispatcherServlet:	FrameworkServlet 'dispatcherServlet': initialization completed in 14 ms
2017-12-11 17:03:55.932 [pool-1-thread-1] INFO  com.ec.orders.controller.OrderController:	Insert orders 1
2017-12-11 17:03:56.153 [pool-1-thread-1] INFO  com.ec.orders.controller.OrderController:	Insert orders 2
2017-12-11 17:10:48.760 [main] INFO  com.ec.orders.OrdersApplication:	Starting OrdersApplication on winall-PC with PID 8560 (D:\MyPT\orders\target\classes started by winall in D:\MyPT\orders)
2017-12-11 17:10:48.762 [main] INFO  com.ec.orders.OrdersApplication:	No active profile set, falling back to default profiles: default
2017-12-11 17:10:48.972 [main] INFO  o.s.b.c.e.AnnotationConfigEmbeddedWebApplicationContext:	Refreshing org.springframework.boot.context.embedded.AnnotationConfigEmbeddedWebApplicationContext@54c562f7: startup date [Mon Dec 11 17:10:48 CST 2017]; root of context hierarchy
2017-12-11 17:10:48.996 [background-preinit] INFO  org.hibernate.validator.internal.util.Version:	HV000001: Hibernate Validator 5.3.5.Final
2017-12-11 17:10:50.224 [main] INFO  o.s.b.c.e.tomcat.TomcatEmbeddedServletContainer:	Tomcat initialized with port(s): 8888 (http)
2017-12-11 17:10:50.235 [main] INFO  org.apache.catalina.core.StandardService:	Starting service [Tomcat]
2017-12-11 17:10:50.235 [main] INFO  org.apache.catalina.core.StandardEngine:	Starting Servlet Engine: Apache Tomcat/8.5.23
2017-12-11 17:10:50.313 [localhost-startStop-1] INFO  o.a.c.c.C.[Tomcat].[localhost].[/orders]:	Initializing Spring embedded WebApplicationContext
2017-12-11 17:10:50.314 [localhost-startStop-1] INFO  org.springframework.web.context.ContextLoader:	Root WebApplicationContext: initialization completed in 1342 ms
2017-12-11 17:10:50.448 [localhost-startStop-1] INFO  o.s.boot.web.servlet.ServletRegistrationBean:	Mapping servlet: 'dispatcherServlet' to [/]
2017-12-11 17:10:50.451 [localhost-startStop-1] INFO  o.s.boot.web.servlet.FilterRegistrationBean:	Mapping filter: 'metricsFilter' to: [/*]
2017-12-11 17:10:50.451 [localhost-startStop-1] INFO  o.s.boot.web.servlet.FilterRegistrationBean:	Mapping filter: 'characterEncodingFilter' to: [/*]
2017-12-11 17:10:50.451 [localhost-startStop-1] INFO  o.s.boot.web.servlet.FilterRegistrationBean:	Mapping filter: 'webRequestLoggingFilter' to: [/*]
2017-12-11 17:10:50.451 [localhost-startStop-1] INFO  o.s.boot.web.servlet.FilterRegistrationBean:	Mapping filter: 'applicationContextIdFilter' to: [/*]
2017-12-11 17:10:50.497 [main] INFO  com.ec.common.service.QueueService:	Initializing ExecutorService:orders-queue
2017-12-11 17:10:50.497 [main] INFO  com.ec.common.service.QueueService:	Initializing Thread:orders-queue-1,Priority:10
2017-12-11 17:10:50.986 [main] INFO  o.s.w.s.m.m.a.RequestMappingHandlerMapping:	Mapped "{[/order],methods=[POST]}" onto public com.ec.common.model.Response<java.lang.String> com.ec.orders.controller.OrderController.addModelAttribute(com.ec.orders.model.Orders,javax.servlet.http.HttpServletRequest)
2017-12-11 17:10:50.987 [main] INFO  o.s.w.s.m.m.a.RequestMappingHandlerMapping:	Mapped "{[/order],methods=[PUT]}" onto public com.ec.common.model.Response<java.lang.String> com.ec.orders.controller.OrderController.modModelAttribute(com.ec.orders.model.Orders,javax.servlet.http.HttpServletRequest)
2017-12-11 17:10:50.987 [main] INFO  o.s.w.s.m.m.a.RequestMappingHandlerMapping:	Mapped "{[/order],methods=[POST],consumes=[application/json],produces=[application/json]}" onto public com.ec.common.model.Response<java.lang.String> com.ec.orders.controller.OrderController.addRequestBody(com.ec.orders.model.Orders,javax.servlet.http.HttpServletRequest)
2017-12-11 17:10:50.987 [main] INFO  o.s.w.s.m.m.a.RequestMappingHandlerMapping:	Mapped "{[/order],methods=[PUT],consumes=[application/json],produces=[application/json]}" onto public com.ec.common.model.Response<java.lang.String> com.ec.orders.controller.OrderController.modRequestBody(com.ec.orders.model.Orders,javax.servlet.http.HttpServletRequest)
2017-12-11 17:10:50.988 [main] INFO  o.s.w.s.m.m.a.RequestMappingHandlerMapping:	Mapped "{[/test]}" onto public void com.ec.orders.controller.TestController.test(javax.servlet.http.HttpServletRequest,javax.servlet.http.HttpServletResponse) throws java.io.IOException
2017-12-11 17:10:50.991 [main] INFO  o.s.w.s.m.m.a.RequestMappingHandlerMapping:	Mapped "{[/error]}" onto public org.springframework.http.ResponseEntity<java.util.Map<java.lang.String, java.lang.Object>> org.springframework.boot.autoconfigure.web.BasicErrorController.error(javax.servlet.http.HttpServletRequest)
2017-12-11 17:10:50.991 [main] INFO  o.s.w.s.m.m.a.RequestMappingHandlerMapping:	Mapped "{[/error],produces=[text/html]}" onto public org.springframework.web.servlet.ModelAndView org.springframework.boot.autoconfigure.web.BasicErrorController.errorHtml(javax.servlet.http.HttpServletRequest,javax.servlet.http.HttpServletResponse)
2017-12-11 17:10:51.034 [main] INFO  o.s.w.s.m.m.a.RequestMappingHandlerAdapter:	Looking for @ControllerAdvice: org.springframework.boot.context.embedded.AnnotationConfigEmbeddedWebApplicationContext@54c562f7: startup date [Mon Dec 11 17:10:48 CST 2017]; root of context hierarchy
2017-12-11 17:10:51.452 [main] INFO  o.s.b.actuate.endpoint.mvc.EndpointHandlerMapping:	Mapped "{[/health || /health.json],methods=[GET],produces=[application/vnd.spring-boot.actuator.v1+json || application/json]}" onto public java.lang.Object org.springframework.boot.actuate.endpoint.mvc.HealthMvcEndpoint.invoke(javax.servlet.http.HttpServletRequest,java.security.Principal)
2017-12-11 17:10:51.453 [main] INFO  o.s.b.actuate.endpoint.mvc.EndpointHandlerMapping:	Mapped "{[/metrics/{name:.*}],methods=[GET],produces=[application/vnd.spring-boot.actuator.v1+json || application/json]}" onto public java.lang.Object org.springframework.boot.actuate.endpoint.mvc.MetricsMvcEndpoint.value(java.lang.String)
2017-12-11 17:10:51.453 [main] INFO  o.s.b.actuate.endpoint.mvc.EndpointHandlerMapping:	Mapped "{[/metrics || /metrics.json],methods=[GET],produces=[application/vnd.spring-boot.actuator.v1+json || application/json]}" onto public java.lang.Object org.springframework.boot.actuate.endpoint.mvc.EndpointMvcAdapter.invoke()
2017-12-11 17:10:51.652 [main] WARN  o.s.b.a.t.AbstractTemplateResolverConfiguration:	Cannot find template location: classpath:/templates/ (please add some templates or check your Thymeleaf configuration)
2017-12-11 17:10:51.775 [main] INFO  o.s.jmx.export.annotation.AnnotationMBeanExporter:	Registering beans for JMX exposure on startup
2017-12-11 17:10:51.779 [main] INFO  o.s.b.actuate.endpoint.jmx.EndpointMBeanExporter:	Registering beans for JMX exposure on startup
2017-12-11 17:10:51.782 [main] INFO  o.s.context.support.DefaultLifecycleProcessor:	Starting beans in phase 0
2017-12-11 17:10:51.790 [main] INFO  o.s.b.actuate.endpoint.jmx.EndpointMBeanExporter:	Located managed bean 'healthEndpoint': registering with JMX server as MBean [orders:type=Endpoint,name=healthEndpoint]
2017-12-11 17:10:51.802 [main] INFO  o.s.b.actuate.endpoint.jmx.EndpointMBeanExporter:	Located managed bean 'metricsEndpoint': registering with JMX server as MBean [orders:type=Endpoint,name=metricsEndpoint]
2017-12-11 17:10:51.813 [main] INFO  o.s.s.a.ScheduledAnnotationBeanPostProcessor:	No TaskScheduler/ScheduledExecutorService bean found for scheduled processing
2017-12-11 17:10:51.822 [main] INFO  org.apache.coyote.http11.Http11NioProtocol:	Initializing ProtocolHandler ["http-nio-8888"]
2017-12-11 17:10:51.830 [main] INFO  org.apache.coyote.http11.Http11NioProtocol:	Starting ProtocolHandler ["http-nio-8888"]
2017-12-11 17:10:51.839 [main] INFO  org.apache.tomcat.util.net.NioSelectorPool:	Using a shared selector for servlet write/read
2017-12-11 17:10:51.852 [main] INFO  o.s.b.c.e.tomcat.TomcatEmbeddedServletContainer:	Tomcat started on port(s): 8888 (http)
2017-12-11 17:10:51.855 [main] INFO  com.ec.orders.OrdersApplication:	Started OrdersApplication in 3.294 seconds (JVM running for 3.643)
2017-12-11 17:11:00.698 [http-nio-8888-exec-1] INFO  o.a.c.c.C.[Tomcat].[localhost].[/orders]:	Initializing Spring FrameworkServlet 'dispatcherServlet'
2017-12-11 17:11:00.698 [http-nio-8888-exec-1] INFO  org.springframework.web.servlet.DispatcherServlet:	FrameworkServlet 'dispatcherServlet': initialization started
2017-12-11 17:11:00.714 [http-nio-8888-exec-1] INFO  org.springframework.web.servlet.DispatcherServlet:	FrameworkServlet 'dispatcherServlet': initialization completed in 16 ms
2017-12-11 17:11:07.407 [pool-1-thread-1] INFO  com.ec.orders.controller.OrderController:	Insert orders 1
2017-12-11 17:11:08.141 [pool-1-thread-1] INFO  com.ec.orders.controller.OrderController:	Insert orders 2
2017-12-11 17:11:35.131 [main] INFO  com.ec.orders.OrdersApplication:	Starting OrdersApplication on winall-PC with PID 11284 (D:\MyPT\orders\target\classes started by winall in D:\MyPT\orders)
2017-12-11 17:11:35.133 [main] INFO  com.ec.orders.OrdersApplication:	No active profile set, falling back to default profiles: default
2017-12-11 17:11:35.337 [background-preinit] INFO  org.hibernate.validator.internal.util.Version:	HV000001: Hibernate Validator 5.3.5.Final
2017-12-11 17:11:35.401 [main] INFO  o.s.b.c.e.AnnotationConfigEmbeddedWebApplicationContext:	Refreshing org.springframework.boot.context.embedded.AnnotationConfigEmbeddedWebApplicationContext@54c562f7: startup date [Mon Dec 11 17:11:35 CST 2017]; root of context hierarchy
2017-12-11 17:11:36.900 [main] INFO  o.s.b.c.e.tomcat.TomcatEmbeddedServletContainer:	Tomcat initialized with port(s): 8888 (http)
2017-12-11 17:11:36.930 [main] INFO  org.apache.catalina.core.StandardService:	Starting service [Tomcat]
2017-12-11 17:11:36.931 [main] INFO  org.apache.catalina.core.StandardEngine:	Starting Servlet Engine: Apache Tomcat/8.5.23
2017-12-11 17:11:37.038 [localhost-startStop-1] INFO  o.a.c.c.C.[Tomcat].[localhost].[/orders]:	Initializing Spring embedded WebApplicationContext
2017-12-11 17:11:37.038 [localhost-startStop-1] INFO  org.springframework.web.context.ContextLoader:	Root WebApplicationContext: initialization completed in 1637 ms
2017-12-11 17:11:37.193 [localhost-startStop-1] INFO  o.s.boot.web.servlet.ServletRegistrationBean:	Mapping servlet: 'dispatcherServlet' to [/]
2017-12-11 17:11:37.197 [localhost-startStop-1] INFO  o.s.boot.web.servlet.FilterRegistrationBean:	Mapping filter: 'metricsFilter' to: [/*]
2017-12-11 17:11:37.198 [localhost-startStop-1] INFO  o.s.boot.web.servlet.FilterRegistrationBean:	Mapping filter: 'characterEncodingFilter' to: [/*]
2017-12-11 17:11:37.198 [localhost-startStop-1] INFO  o.s.boot.web.servlet.FilterRegistrationBean:	Mapping filter: 'webRequestLoggingFilter' to: [/*]
2017-12-11 17:11:37.198 [localhost-startStop-1] INFO  o.s.boot.web.servlet.FilterRegistrationBean:	Mapping filter: 'applicationContextIdFilter' to: [/*]
2017-12-11 17:11:37.263 [main] INFO  com.ec.common.service.QueueService:	Initializing ExecutorService:orders-queue
2017-12-11 17:11:37.263 [main] INFO  com.ec.common.service.QueueService:	Initializing Thread:orders-queue-1,Priority:10
2017-12-11 17:11:37.713 [main] INFO  o.s.w.s.m.m.a.RequestMappingHandlerMapping:	Mapped "{[/order],methods=[POST]}" onto public com.ec.common.model.Response<java.lang.String> com.ec.orders.controller.OrderController.addModelAttribute(com.ec.orders.model.Orders,javax.servlet.http.HttpServletRequest)
2017-12-11 17:11:37.714 [main] INFO  o.s.w.s.m.m.a.RequestMappingHandlerMapping:	Mapped "{[/order],methods=[PUT]}" onto public com.ec.common.model.Response<java.lang.String> com.ec.orders.controller.OrderController.modModelAttribute(com.ec.orders.model.Orders,javax.servlet.http.HttpServletRequest)
2017-12-11 17:11:37.714 [main] INFO  o.s.w.s.m.m.a.RequestMappingHandlerMapping:	Mapped "{[/order],methods=[POST],consumes=[application/json],produces=[application/json]}" onto public com.ec.common.model.Response<java.lang.String> com.ec.orders.controller.OrderController.addRequestBody(com.ec.orders.model.Orders,javax.servlet.http.HttpServletRequest)
2017-12-11 17:11:37.714 [main] INFO  o.s.w.s.m.m.a.RequestMappingHandlerMapping:	Mapped "{[/order],methods=[PUT],consumes=[application/json],produces=[application/json]}" onto public com.ec.common.model.Response<java.lang.String> com.ec.orders.controller.OrderController.modRequestBody(com.ec.orders.model.Orders,javax.servlet.http.HttpServletRequest)
2017-12-11 17:11:37.715 [main] INFO  o.s.w.s.m.m.a.RequestMappingHandlerMapping:	Mapped "{[/test]}" onto public void com.ec.orders.controller.TestController.test(javax.servlet.http.HttpServletRequest,javax.servlet.http.HttpServletResponse) throws java.io.IOException
2017-12-11 17:11:37.719 [main] INFO  o.s.w.s.m.m.a.RequestMappingHandlerMapping:	Mapped "{[/error]}" onto public org.springframework.http.ResponseEntity<java.util.Map<java.lang.String, java.lang.Object>> org.springframework.boot.autoconfigure.web.BasicErrorController.error(javax.servlet.http.HttpServletRequest)
2017-12-11 17:11:37.719 [main] INFO  o.s.w.s.m.m.a.RequestMappingHandlerMapping:	Mapped "{[/error],produces=[text/html]}" onto public org.springframework.web.servlet.ModelAndView org.springframework.boot.autoconfigure.web.BasicErrorController.errorHtml(javax.servlet.http.HttpServletRequest,javax.servlet.http.HttpServletResponse)
2017-12-11 17:11:37.770 [main] INFO  o.s.w.s.m.m.a.RequestMappingHandlerAdapter:	Looking for @ControllerAdvice: org.springframework.boot.context.embedded.AnnotationConfigEmbeddedWebApplicationContext@54c562f7: startup date [Mon Dec 11 17:11:35 CST 2017]; root of context hierarchy
2017-12-11 17:11:38.124 [main] INFO  o.s.b.actuate.endpoint.mvc.EndpointHandlerMapping:	Mapped "{[/health || /health.json],methods=[GET],produces=[application/vnd.spring-boot.actuator.v1+json || application/json]}" onto public java.lang.Object org.springframework.boot.actuate.endpoint.mvc.HealthMvcEndpoint.invoke(javax.servlet.http.HttpServletRequest,java.security.Principal)
2017-12-11 17:11:38.125 [main] INFO  o.s.b.actuate.endpoint.mvc.EndpointHandlerMapping:	Mapped "{[/metrics/{name:.*}],methods=[GET],produces=[application/vnd.spring-boot.actuator.v1+json || application/json]}" onto public java.lang.Object org.springframework.boot.actuate.endpoint.mvc.MetricsMvcEndpoint.value(java.lang.String)
2017-12-11 17:11:38.126 [main] INFO  o.s.b.actuate.endpoint.mvc.EndpointHandlerMapping:	Mapped "{[/metrics || /metrics.json],methods=[GET],produces=[application/vnd.spring-boot.actuator.v1+json || application/json]}" onto public java.lang.Object org.springframework.boot.actuate.endpoint.mvc.EndpointMvcAdapter.invoke()
2017-12-11 17:11:38.470 [main] WARN  o.s.b.a.t.AbstractTemplateResolverConfiguration:	Cannot find template location: classpath:/templates/ (please add some templates or check your Thymeleaf configuration)
2017-12-11 17:11:38.577 [main] INFO  o.s.jmx.export.annotation.AnnotationMBeanExporter:	Registering beans for JMX exposure on startup
2017-12-11 17:11:38.581 [main] INFO  o.s.b.actuate.endpoint.jmx.EndpointMBeanExporter:	Registering beans for JMX exposure on startup
2017-12-11 17:11:38.584 [main] INFO  o.s.context.support.DefaultLifecycleProcessor:	Starting beans in phase 0
2017-12-11 17:11:38.593 [main] INFO  o.s.b.actuate.endpoint.jmx.EndpointMBeanExporter:	Located managed bean 'healthEndpoint': registering with JMX server as MBean [orders:type=Endpoint,name=healthEndpoint]
2017-12-11 17:11:38.607 [main] INFO  o.s.b.actuate.endpoint.jmx.EndpointMBeanExporter:	Located managed bean 'metricsEndpoint': registering with JMX server as MBean [orders:type=Endpoint,name=metricsEndpoint]
2017-12-11 17:11:38.617 [main] INFO  o.s.s.a.ScheduledAnnotationBeanPostProcessor:	No TaskScheduler/ScheduledExecutorService bean found for scheduled processing
2017-12-11 17:11:38.626 [main] INFO  org.apache.coyote.http11.Http11NioProtocol:	Initializing ProtocolHandler ["http-nio-8888"]
2017-12-11 17:11:38.635 [main] INFO  org.apache.coyote.http11.Http11NioProtocol:	Starting ProtocolHandler ["http-nio-8888"]
2017-12-11 17:11:38.645 [main] INFO  org.apache.tomcat.util.net.NioSelectorPool:	Using a shared selector for servlet write/read
2017-12-11 17:11:38.657 [main] INFO  o.s.b.c.e.tomcat.TomcatEmbeddedServletContainer:	Tomcat started on port(s): 8888 (http)
2017-12-11 17:11:38.661 [main] INFO  com.ec.orders.OrdersApplication:	Started OrdersApplication in 3.725 seconds (JVM running for 4.087)
2017-12-11 17:11:46.050 [http-nio-8888-exec-1] INFO  o.a.c.c.C.[Tomcat].[localhost].[/orders]:	Initializing Spring FrameworkServlet 'dispatcherServlet'
2017-12-11 17:11:46.050 [http-nio-8888-exec-1] INFO  org.springframework.web.servlet.DispatcherServlet:	FrameworkServlet 'dispatcherServlet': initialization started
2017-12-11 17:11:46.065 [http-nio-8888-exec-1] INFO  org.springframework.web.servlet.DispatcherServlet:	FrameworkServlet 'dispatcherServlet': initialization completed in 15 ms
2017-12-11 17:11:52.893 [pool-1-thread-1] INFO  com.ec.orders.controller.OrderController:	Insert orders 1
2017-12-11 17:11:53.133 [pool-1-thread-1] INFO  com.ec.orders.controller.OrderController:	Insert orders 1
2017-12-11 17:12:34.815 [main] INFO  o.s.b.t.context.SpringBootTestContextBootstrapper:	Neither @ContextConfiguration nor @ContextHierarchy found for test class [com.ec.orders.BmfApplicationTests], using SpringBootContextLoader
2017-12-11 17:12:34.820 [main] INFO  o.s.test.context.support.AbstractContextLoader:	Could not detect default resource locations for test class [com.ec.orders.BmfApplicationTests]: no resource found for suffixes {-context.xml, Context.groovy}.
2017-12-11 17:12:34.821 [main] INFO  o.s.t.c.support.AnnotationConfigContextLoaderUtils:	Could not detect default configuration classes for test class [com.ec.orders.BmfApplicationTests]: BmfApplicationTests does not declare any static, non-private, non-final, nested classes annotated with @Configuration.
2017-12-11 17:12:34.903 [main] INFO  o.s.b.t.context.SpringBootTestContextBootstrapper:	Found @SpringBootConfiguration com.ec.orders.OrdersApplication for test class com.ec.orders.BmfApplicationTests
2017-12-11 17:12:34.910 [main] INFO  o.s.b.t.context.SpringBootTestContextBootstrapper:	Loaded default TestExecutionListener class names from location [META-INF/spring.factories]: [org.springframework.boot.test.mock.mockito.MockitoTestExecutionListener, org.springframework.boot.test.mock.mockito.ResetMocksTestExecutionListener, org.springframework.boot.test.autoconfigure.restdocs.RestDocsTestExecutionListener, org.springframework.boot.test.autoconfigure.web.client.MockRestServiceServerResetTestExecutionListener, org.springframework.boot.test.autoconfigure.web.servlet.MockMvcPrintOnlyOnFailureTestExecutionListener, org.springframework.boot.test.autoconfigure.web.servlet.WebDriverTestExecutionListener, org.springframework.test.context.web.ServletTestExecutionListener, org.springframework.test.context.support.DirtiesContextBeforeModesTestExecutionListener, org.springframework.test.context.support.DependencyInjectionTestExecutionListener, org.springframework.test.context.support.DirtiesContextTestExecutionListener, org.springframework.test.context.transaction.TransactionalTestExecutionListener, org.springframework.test.context.jdbc.SqlScriptsTestExecutionListener]
2017-12-11 17:12:34.922 [main] INFO  o.s.b.t.context.SpringBootTestContextBootstrapper:	Using TestExecutionListeners: [org.springframework.test.context.web.ServletTestExecutionListener@63021689, org.springframework.test.context.support.DirtiesContextBeforeModesTestExecutionListener@703580bf, org.springframework.boot.test.autoconfigure.SpringBootDependencyInjectionTestExecutionListener@3e92efc3, org.springframework.test.context.support.DirtiesContextTestExecutionListener@1622f1b, org.springframework.test.context.transaction.TransactionalTestExecutionListener@72a7c7e0, org.springframework.test.context.jdbc.SqlScriptsTestExecutionListener@2e4b8173, org.springframework.boot.test.mock.mockito.ResetMocksTestExecutionListener@70e8f8e, org.springframework.boot.test.autoconfigure.web.servlet.MockMvcPrintOnlyOnFailureTestExecutionListener@17046283, org.springframework.boot.test.mock.mockito.MockitoTestExecutionListener@5bd03f44, org.springframework.boot.test.autoconfigure.restdocs.RestDocsTestExecutionListener@29626d54, org.springframework.boot.test.autoconfigure.web.client.MockRestServiceServerResetTestExecutionListener@5a63f509, org.springframework.boot.test.autoconfigure.web.servlet.WebDriverTestExecutionListener@6e4784bc]
2017-12-11 17:12:34.926 [main] INFO  o.s.b.t.context.SpringBootTestContextBootstrapper:	Neither @ContextConfiguration nor @ContextHierarchy found for test class [com.ec.orders.BmfApplicationTests], using SpringBootContextLoader
2017-12-11 17:12:34.927 [main] INFO  o.s.test.context.support.AbstractContextLoader:	Could not detect default resource locations for test class [com.ec.orders.BmfApplicationTests]: no resource found for suffixes {-context.xml, Context.groovy}.
2017-12-11 17:12:34.927 [main] INFO  o.s.t.c.support.AnnotationConfigContextLoaderUtils:	Could not detect default configuration classes for test class [com.ec.orders.BmfApplicationTests]: BmfApplicationTests does not declare any static, non-private, non-final, nested classes annotated with @Configuration.
2017-12-11 17:12:34.932 [main] INFO  o.s.b.t.context.SpringBootTestContextBootstrapper:	Found @SpringBootConfiguration com.ec.orders.OrdersApplication for test class com.ec.orders.BmfApplicationTests
2017-12-11 17:12:34.937 [main] INFO  o.s.b.t.context.SpringBootTestContextBootstrapper:	Loaded default TestExecutionListener class names from location [META-INF/spring.factories]: [org.springframework.boot.test.mock.mockito.MockitoTestExecutionListener, org.springframework.boot.test.mock.mockito.ResetMocksTestExecutionListener, org.springframework.boot.test.autoconfigure.restdocs.RestDocsTestExecutionListener, org.springframework.boot.test.autoconfigure.web.client.MockRestServiceServerResetTestExecutionListener, org.springframework.boot.test.autoconfigure.web.servlet.MockMvcPrintOnlyOnFailureTestExecutionListener, org.springframework.boot.test.autoconfigure.web.servlet.WebDriverTestExecutionListener, org.springframework.test.context.web.ServletTestExecutionListener, org.springframework.test.context.support.DirtiesContextBeforeModesTestExecutionListener, org.springframework.test.context.support.DependencyInjectionTestExecutionListener, org.springframework.test.context.support.DirtiesContextTestExecutionListener, org.springframework.test.context.transaction.TransactionalTestExecutionListener, org.springframework.test.context.jdbc.SqlScriptsTestExecutionListener]
2017-12-11 17:12:34.940 [main] INFO  o.s.b.t.context.SpringBootTestContextBootstrapper:	Using TestExecutionListeners: [org.springframework.test.context.web.ServletTestExecutionListener@1afd44cb, org.springframework.test.context.support.DirtiesContextBeforeModesTestExecutionListener@6973b51b, org.springframework.boot.test.autoconfigure.SpringBootDependencyInjectionTestExecutionListener@1ab3a8c8, org.springframework.test.context.support.DirtiesContextTestExecutionListener@43195e57, org.springframework.test.context.transaction.TransactionalTestExecutionListener@333291e3, org.springframework.test.context.jdbc.SqlScriptsTestExecutionListener@479d31f3, org.springframework.boot.test.mock.mockito.ResetMocksTestExecutionListener@40ef3420, org.springframework.boot.test.autoconfigure.web.servlet.MockMvcPrintOnlyOnFailureTestExecutionListener@498d318c, org.springframework.boot.test.mock.mockito.MockitoTestExecutionListener@6e171cd7, org.springframework.boot.test.autoconfigure.restdocs.RestDocsTestExecutionListener@402bba4f, org.springframework.boot.test.autoconfigure.web.client.MockRestServiceServerResetTestExecutionListener@795cd85e, org.springframework.boot.test.autoconfigure.web.servlet.WebDriverTestExecutionListener@59fd97a8]
2017-12-11 17:12:35.170 [main] INFO  com.ec.orders.BmfApplicationTests:	Starting BmfApplicationTests on winall-PC with PID 10868 (started by winall in D:\MyPT\orders)
2017-12-11 17:12:35.170 [main] INFO  com.ec.orders.BmfApplicationTests:	No active profile set, falling back to default profiles: default
2017-12-11 17:12:35.307 [main] INFO  o.s.w.context.support.GenericWebApplicationContext:	Refreshing org.springframework.web.context.support.GenericWebApplicationContext@5824a83d: startup date [Mon Dec 11 17:12:35 CST 2017]; root of context hierarchy
2017-12-11 17:12:35.481 [background-preinit] INFO  org.hibernate.validator.internal.util.Version:	HV000001: Hibernate Validator 5.3.5.Final
2017-12-11 17:12:36.403 [main] INFO  com.ec.common.service.QueueService:	Initializing ExecutorService:orders-queue
2017-12-11 17:12:36.404 [main] INFO  com.ec.common.service.QueueService:	Initializing Thread:orders-queue-1,Priority:10
2017-12-11 17:12:36.851 [main] INFO  o.s.w.s.m.m.a.RequestMappingHandlerMapping:	Mapped "{[/order],methods=[POST]}" onto public com.ec.common.model.Response<java.lang.String> com.ec.orders.controller.OrderController.addModelAttribute(com.ec.orders.model.Orders,javax.servlet.http.HttpServletRequest)
2017-12-11 17:12:36.852 [main] INFO  o.s.w.s.m.m.a.RequestMappingHandlerMapping:	Mapped "{[/order],methods=[PUT]}" onto public com.ec.common.model.Response<java.lang.String> com.ec.orders.controller.OrderController.modModelAttribute(com.ec.orders.model.Orders,javax.servlet.http.HttpServletRequest)
2017-12-11 17:12:36.852 [main] INFO  o.s.w.s.m.m.a.RequestMappingHandlerMapping:	Mapped "{[/order],methods=[POST],consumes=[application/json],produces=[application/json]}" onto public com.ec.common.model.Response<java.lang.String> com.ec.orders.controller.OrderController.addRequestBody(com.ec.orders.model.Orders,javax.servlet.http.HttpServletRequest)
2017-12-11 17:12:36.853 [main] INFO  o.s.w.s.m.m.a.RequestMappingHandlerMapping:	Mapped "{[/order],methods=[PUT],consumes=[application/json],produces=[application/json]}" onto public com.ec.common.model.Response<java.lang.String> com.ec.orders.controller.OrderController.modRequestBody(com.ec.orders.model.Orders,javax.servlet.http.HttpServletRequest)
2017-12-11 17:12:36.853 [main] INFO  o.s.w.s.m.m.a.RequestMappingHandlerMapping:	Mapped "{[/test]}" onto public void com.ec.orders.controller.TestController.test(javax.servlet.http.HttpServletRequest,javax.servlet.http.HttpServletResponse) throws java.io.IOException
2017-12-11 17:12:36.858 [main] INFO  o.s.w.s.m.m.a.RequestMappingHandlerMapping:	Mapped "{[/error]}" onto public org.springframework.http.ResponseEntity<java.util.Map<java.lang.String, java.lang.Object>> org.springframework.boot.autoconfigure.web.BasicErrorController.error(javax.servlet.http.HttpServletRequest)
2017-12-11 17:12:36.859 [main] INFO  o.s.w.s.m.m.a.RequestMappingHandlerMapping:	Mapped "{[/error],produces=[text/html]}" onto public org.springframework.web.servlet.ModelAndView org.springframework.boot.autoconfigure.web.BasicErrorController.errorHtml(javax.servlet.http.HttpServletRequest,javax.servlet.http.HttpServletResponse)
2017-12-11 17:12:36.908 [main] INFO  o.s.w.s.m.m.a.RequestMappingHandlerAdapter:	Looking for @ControllerAdvice: org.springframework.web.context.support.GenericWebApplicationContext@5824a83d: startup date [Mon Dec 11 17:12:35 CST 2017]; root of context hierarchy
2017-12-11 17:12:37.389 [main] INFO  o.s.b.actuate.endpoint.mvc.EndpointHandlerMapping:	Mapped "{[/metrics/{name:.*}],methods=[GET],produces=[application/vnd.spring-boot.actuator.v1+json || application/json]}" onto public java.lang.Object org.springframework.boot.actuate.endpoint.mvc.MetricsMvcEndpoint.value(java.lang.String)
2017-12-11 17:12:37.390 [main] INFO  o.s.b.actuate.endpoint.mvc.EndpointHandlerMapping:	Mapped "{[/metrics || /metrics.json],methods=[GET],produces=[application/vnd.spring-boot.actuator.v1+json || application/json]}" onto public java.lang.Object org.springframework.boot.actuate.endpoint.mvc.EndpointMvcAdapter.invoke()
2017-12-11 17:12:37.390 [main] INFO  o.s.b.actuate.endpoint.mvc.EndpointHandlerMapping:	Mapped "{[/health || /health.json],methods=[GET],produces=[application/vnd.spring-boot.actuator.v1+json || application/json]}" onto public java.lang.Object org.springframework.boot.actuate.endpoint.mvc.HealthMvcEndpoint.invoke(javax.servlet.http.HttpServletRequest,java.security.Principal)
2017-12-11 17:12:37.752 [main] WARN  o.s.b.a.t.AbstractTemplateResolverConfiguration:	Cannot find template location: classpath:/templates/ (please add some templates or check your Thymeleaf configuration)
2017-12-11 17:12:37.880 [main] INFO  o.s.s.a.ScheduledAnnotationBeanPostProcessor:	No TaskScheduler/ScheduledExecutorService bean found for scheduled processing
2017-12-11 17:12:37.892 [main] INFO  com.ec.orders.BmfApplicationTests:	Started BmfApplicationTests in 2.899 seconds (JVM running for 3.458)
2017-12-11 17:12:37.931 [Thread-8] INFO  o.s.w.context.support.GenericWebApplicationContext:	Closing org.springframework.web.context.support.GenericWebApplicationContext@5824a83d: startup date [Mon Dec 11 17:12:35 CST 2017]; root of context hierarchy
